{
  "stats": {
    "suites": 15,
    "tests": 22,
    "passes": 15,
    "pending": 0,
    "failures": 7,
    "testsRegistered": 22,
    "passPercent": 68.18181818181819,
    "pendingPercent": 0,
    "other": 0,
    "hasOther": false,
    "skipped": 0,
    "hasSkipped": false,
    "start": "2025-04-22T01:15:00.046Z",
    "end": "2025-04-22T01:21:02.849Z",
    "duration": 362803
  },
  "results": [
    {
      "uuid": "4abca801-70f9-4af0-ac7e-7070f63150e8",
      "title": "",
      "fullFile": "cypress\\tests\\components\\HeaderTest.ts",
      "file": "cypress\\tests\\components\\HeaderTest.ts",
      "beforeHooks": [],
      "afterHooks": [],
      "tests": [],
      "suites": [
        {
          "uuid": "064714f2-964c-4d06-89e4-e66ef87b110c",
          "title": "header component test",
          "fullFile": "",
          "file": "",
          "beforeHooks": [],
          "afterHooks": [],
          "tests": [
            {
              "title": "test logo",
              "fullTitle": "header component test test logo",
              "timedOut": null,
              "duration": 1297,
              "state": "passed",
              "speed": "fast",
              "pass": true,
              "fail": false,
              "pending": false,
              "context": null,
              "code": "headerComp.brandLogoImg().should(\"be.visible\");\nheaderComp.brandLogo().should(\"contain.text\", \"\");",
              "err": {},
              "uuid": "ad3d4b93-80ee-4c98-9fe2-4fcce7cdf15f",
              "parentUUID": "064714f2-964c-4d06-89e4-e66ef87b110c",
              "isHook": false,
              "skipped": false
            },
            {
              "title": "test for header menu details",
              "fullTitle": "header component test test for header menu details",
              "timedOut": null,
              "duration": 220,
              "state": "passed",
              "speed": "fast",
              "pass": true,
              "fail": false,
              "pending": false,
              "context": null,
              "code": "var expectedMenuDetails = [\n    { text: \"Home (current)\", href: \"index.html\" },\n    { text: \"Contact\", href: \"#\" },\n    { text: \"About us\", href: \"#\" },\n    { text: \"Cart\", href: \"cart.html\" },\n    { text: \"Log in\", href: \"#\" },\n    { text: \"Sign up\", href: \"#\" },\n];\nheaderComp.getMenuDetails().then(function (actualMenuDetailsData) {\n    cy.wrap(\"\").then(function () {\n        expect(actualMenuDetailsData).to.be.deep.eq(expectedMenuDetails);\n    });\n    /*  cy.log(JSON.stringify(actualMenuDetailsData)); */\n});",
              "err": {},
              "uuid": "ca72e2e3-87b6-4d53-b762-6d4ee75debf1",
              "parentUUID": "064714f2-964c-4d06-89e4-e66ef87b110c",
              "isHook": false,
              "skipped": false
            }
          ],
          "suites": [],
          "passes": [
            "ad3d4b93-80ee-4c98-9fe2-4fcce7cdf15f",
            "ca72e2e3-87b6-4d53-b762-6d4ee75debf1"
          ],
          "failures": [],
          "pending": [],
          "skipped": [],
          "duration": 1517,
          "root": false,
          "rootEmpty": false,
          "_timeout": 2000
        }
      ],
      "passes": [],
      "failures": [],
      "pending": [],
      "skipped": [],
      "duration": 0,
      "root": true,
      "rootEmpty": true,
      "_timeout": 2000
    },
    {
      "uuid": "d0f9c705-6d70-4f16-9dc0-df7c091ad676",
      "title": "",
      "fullFile": "cypress\\tests\\components\\HomePageCategoryTest.ts",
      "file": "cypress\\tests\\components\\HomePageCategoryTest.ts",
      "beforeHooks": [],
      "afterHooks": [],
      "tests": [],
      "suites": [
        {
          "uuid": "212b0437-6732-4a06-89ce-8811ca19ec6d",
          "title": "homepage category component test",
          "fullFile": "",
          "file": "",
          "beforeHooks": [],
          "afterHooks": [],
          "tests": [
            {
              "title": "test phone cate",
              "fullTitle": "homepage category component test test phone cate",
              "timedOut": null,
              "duration": 65264,
              "state": "failed",
              "speed": null,
              "pass": false,
              "fail": true,
              "pending": false,
              "context": null,
              "code": "verifyCategoryFilterBy(product);",
              "err": {
                "message": "CypressError: `cy.request()` failed trying to load:\n\nhttps://api.demoblaze.com/bycat\n\nWe attempted to make an http request to this URL but the request failed without a response.\n\nWe received this error at the network level:\n\n  > Error: connect ETIMEDOUT 2404:6800:4005:812::2013:443\n\n-----------------------------------------------------------\n\nThe request we sent was:\n\nMethod: POST\nURL: https://api.demoblaze.com/bycat\n\n-----------------------------------------------------------\n\nCommon situations why this would fail:\n  - you don't have internet access\n  - you forgot to run / boot your web server\n  - your web server isn't accessible\n  - you have weird network configuration settings on your computer\n\nhttps://on.cypress.io/request",
                "estack": "CypressError: `cy.request()` failed trying to load:\n\nhttps://api.demoblaze.com/bycat\n\nWe attempted to make an http request to this URL but the request failed without a response.\n\nWe received this error at the network level:\n\n    at <unknown> (  > Error: connect ETIMEDOUT 2404:6800:4005:812::2013:443)\n\n-----------------------------------------------------------\n\nThe request we sent was:\n\nMethod: POST\nURL: https://api.demoblaze.com/bycat\n\n-----------------------------------------------------------\n\nCommon situations why this would fail:\n- you don't have internet access\n- you forgot to run / boot your web server\n- your web server isn't accessible\n- you have weird network configuration settings on your computer\n    at <unknown> (https://demoblaze.com/__cypress/runner/cypress_runner.js:135043:70)\n    at tryCatcher (https://demoblaze.com/__cypress/runner/cypress_runner.js:1777:23)\n    at <unknown> (https://demoblaze.com/__cypress/runner/cypress_runner.js:4173:37)\n    at tryCatcher (https://demoblaze.com/__cypress/runner/cypress_runner.js:1777:23)\n    at Promise._settlePromiseFromHandler (https://demoblaze.com/__cypress/runner/cypress_runner.js:1489:31)\n    at Promise._settlePromise (https://demoblaze.com/__cypress/runner/cypress_runner.js:1546:18)\n    at Promise._settlePromise0 (https://demoblaze.com/__cypress/runner/cypress_runner.js:1591:10)\n    at Promise._settlePromises (https://demoblaze.com/__cypress/runner/cypress_runner.js:1667:18)\n    at _drainQueueStep (https://demoblaze.com/__cypress/runner/cypress_runner.js:2377:12)\n    at _drainQueue (https://demoblaze.com/__cypress/runner/cypress_runner.js:2370:9)\n    at Async._drainQueues (https://demoblaze.com/__cypress/runner/cypress_runner.js:2386:5)\n    at Async.drainQueues (https://demoblaze.com/__cypress/runner/cypress_runner.js:2256:14)\nFrom Your Spec Code:\n    at verifyCategoryFilterBy (webpack://newapp/./cypress/tests/components/HomePageCategoryTest.ts:13:7)\n    at Context.eval (webpack://newapp/./cypress/tests/components/HomePageCategoryTest.ts:40:8)\n\nFrom Node.js Internals:\n    at <unknown> (      RequestError: Error: connect ETIMEDOUT 2404:6800:4005:812::2013:443)\n    at new r (<embedded>:227:441460)\n    at ee.callback (<embedded>:227:447461)\n    at e.callback.s.callback [as _callback] (<embedded>:227:446907)\n    at s._callback.s.callback.s.callback (<embedded>:290:105750)\n    at ee.emit (node:events:518:28)\n    at ee.onRequestError (<embedded>:290:114692)\n    at ClientRequest.emit (node:events:530:35)\n    at emitErrorEvent (node:_http_client:101:11)\n    at TLSSocket.socketErrorListener (node:_http_client:504:5)\n    at TLSSocket.emit (node:events:518:28)\n    at emitErrorNT (node:internal/streams/destroy:169:8)\n    at emitErrorCloseNT (node:internal/streams/destroy:128:3)\n    at process.processTicksAndRejections (node:internal/process/task_queues:82:21)",
                "diff": null
              },
              "uuid": "d7ef4886-0d0e-4809-ba4e-e79256cb9b43",
              "parentUUID": "212b0437-6732-4a06-89ce-8811ca19ec6d",
              "isHook": false,
              "skipped": false
            },
            {
              "title": "test notebook cate",
              "fullTitle": "homepage category component test test notebook cate",
              "timedOut": null,
              "duration": 65274,
              "state": "failed",
              "speed": null,
              "pass": false,
              "fail": true,
              "pending": false,
              "context": null,
              "code": "verifyCategoryFilterBy(product);",
              "err": {
                "message": "CypressError: `cy.request()` failed trying to load:\n\nhttps://api.demoblaze.com/bycat\n\nWe attempted to make an http request to this URL but the request failed without a response.\n\nWe received this error at the network level:\n\n  > Error: connect ETIMEDOUT 2404:6800:4005:812::2013:443\n\n-----------------------------------------------------------\n\nThe request we sent was:\n\nMethod: POST\nURL: https://api.demoblaze.com/bycat\n\n-----------------------------------------------------------\n\nCommon situations why this would fail:\n  - you don't have internet access\n  - you forgot to run / boot your web server\n  - your web server isn't accessible\n  - you have weird network configuration settings on your computer\n\nhttps://on.cypress.io/request",
                "estack": "CypressError: `cy.request()` failed trying to load:\n\nhttps://api.demoblaze.com/bycat\n\nWe attempted to make an http request to this URL but the request failed without a response.\n\nWe received this error at the network level:\n\n    at <unknown> (  > Error: connect ETIMEDOUT 2404:6800:4005:812::2013:443)\n\n-----------------------------------------------------------\n\nThe request we sent was:\n\nMethod: POST\nURL: https://api.demoblaze.com/bycat\n\n-----------------------------------------------------------\n\nCommon situations why this would fail:\n- you don't have internet access\n- you forgot to run / boot your web server\n- your web server isn't accessible\n- you have weird network configuration settings on your computer\n    at <unknown> (https://demoblaze.com/__cypress/runner/cypress_runner.js:135043:70)\n    at tryCatcher (https://demoblaze.com/__cypress/runner/cypress_runner.js:1777:23)\n    at <unknown> (https://demoblaze.com/__cypress/runner/cypress_runner.js:4173:37)\n    at tryCatcher (https://demoblaze.com/__cypress/runner/cypress_runner.js:1777:23)\n    at Promise._settlePromiseFromHandler (https://demoblaze.com/__cypress/runner/cypress_runner.js:1489:31)\n    at Promise._settlePromise (https://demoblaze.com/__cypress/runner/cypress_runner.js:1546:18)\n    at Promise._settlePromise0 (https://demoblaze.com/__cypress/runner/cypress_runner.js:1591:10)\n    at Promise._settlePromises (https://demoblaze.com/__cypress/runner/cypress_runner.js:1667:18)\n    at _drainQueueStep (https://demoblaze.com/__cypress/runner/cypress_runner.js:2377:12)\n    at _drainQueue (https://demoblaze.com/__cypress/runner/cypress_runner.js:2370:9)\n    at Async._drainQueues (https://demoblaze.com/__cypress/runner/cypress_runner.js:2386:5)\n    at Async.drainQueues (https://demoblaze.com/__cypress/runner/cypress_runner.js:2256:14)\nFrom Your Spec Code:\n    at verifyCategoryFilterBy (webpack://newapp/./cypress/tests/components/HomePageCategoryTest.ts:13:7)\n    at Context.eval (webpack://newapp/./cypress/tests/components/HomePageCategoryTest.ts:40:8)\n\nFrom Node.js Internals:\n    at <unknown> (      RequestError: Error: connect ETIMEDOUT 2404:6800:4005:812::2013:443)\n    at new r (<embedded>:227:441460)\n    at ee.callback (<embedded>:227:447461)\n    at e.callback.s.callback [as _callback] (<embedded>:227:446907)\n    at s._callback.s.callback.s.callback (<embedded>:290:105750)\n    at ee.emit (node:events:518:28)\n    at ee.onRequestError (<embedded>:290:114692)\n    at ClientRequest.emit (node:events:530:35)\n    at emitErrorEvent (node:_http_client:101:11)\n    at TLSSocket.socketErrorListener (node:_http_client:504:5)\n    at TLSSocket.emit (node:events:518:28)\n    at emitErrorNT (node:internal/streams/destroy:169:8)\n    at emitErrorCloseNT (node:internal/streams/destroy:128:3)\n    at process.processTicksAndRejections (node:internal/process/task_queues:82:21)",
                "diff": null
              },
              "uuid": "b7c4a22f-fe61-4226-b591-faca3d9a2904",
              "parentUUID": "212b0437-6732-4a06-89ce-8811ca19ec6d",
              "isHook": false,
              "skipped": false
            },
            {
              "title": "test monitor cate",
              "fullTitle": "homepage category component test test monitor cate",
              "timedOut": null,
              "duration": 65551,
              "state": "failed",
              "speed": null,
              "pass": false,
              "fail": true,
              "pending": false,
              "context": null,
              "code": "verifyCategoryFilterBy(product);",
              "err": {
                "message": "CypressError: `cy.request()` failed trying to load:\n\nhttps://api.demoblaze.com/bycat\n\nWe attempted to make an http request to this URL but the request failed without a response.\n\nWe received this error at the network level:\n\n  > Error: connect ETIMEDOUT 2404:6800:4005:812::2013:443\n\n-----------------------------------------------------------\n\nThe request we sent was:\n\nMethod: POST\nURL: https://api.demoblaze.com/bycat\n\n-----------------------------------------------------------\n\nCommon situations why this would fail:\n  - you don't have internet access\n  - you forgot to run / boot your web server\n  - your web server isn't accessible\n  - you have weird network configuration settings on your computer\n\nhttps://on.cypress.io/request",
                "estack": "CypressError: `cy.request()` failed trying to load:\n\nhttps://api.demoblaze.com/bycat\n\nWe attempted to make an http request to this URL but the request failed without a response.\n\nWe received this error at the network level:\n\n    at <unknown> (  > Error: connect ETIMEDOUT 2404:6800:4005:812::2013:443)\n\n-----------------------------------------------------------\n\nThe request we sent was:\n\nMethod: POST\nURL: https://api.demoblaze.com/bycat\n\n-----------------------------------------------------------\n\nCommon situations why this would fail:\n- you don't have internet access\n- you forgot to run / boot your web server\n- your web server isn't accessible\n- you have weird network configuration settings on your computer\n    at <unknown> (https://demoblaze.com/__cypress/runner/cypress_runner.js:135043:70)\n    at tryCatcher (https://demoblaze.com/__cypress/runner/cypress_runner.js:1777:23)\n    at <unknown> (https://demoblaze.com/__cypress/runner/cypress_runner.js:4173:37)\n    at tryCatcher (https://demoblaze.com/__cypress/runner/cypress_runner.js:1777:23)\n    at Promise._settlePromiseFromHandler (https://demoblaze.com/__cypress/runner/cypress_runner.js:1489:31)\n    at Promise._settlePromise (https://demoblaze.com/__cypress/runner/cypress_runner.js:1546:18)\n    at Promise._settlePromise0 (https://demoblaze.com/__cypress/runner/cypress_runner.js:1591:10)\n    at Promise._settlePromises (https://demoblaze.com/__cypress/runner/cypress_runner.js:1667:18)\n    at _drainQueueStep (https://demoblaze.com/__cypress/runner/cypress_runner.js:2377:12)\n    at _drainQueue (https://demoblaze.com/__cypress/runner/cypress_runner.js:2370:9)\n    at Async._drainQueues (https://demoblaze.com/__cypress/runner/cypress_runner.js:2386:5)\n    at Async.drainQueues (https://demoblaze.com/__cypress/runner/cypress_runner.js:2256:14)\nFrom Your Spec Code:\n    at verifyCategoryFilterBy (webpack://newapp/./cypress/tests/components/HomePageCategoryTest.ts:13:7)\n    at Context.eval (webpack://newapp/./cypress/tests/components/HomePageCategoryTest.ts:40:8)\n\nFrom Node.js Internals:\n    at <unknown> (      RequestError: Error: connect ETIMEDOUT 2404:6800:4005:812::2013:443)\n    at new r (<embedded>:227:441460)\n    at ee.callback (<embedded>:227:447461)\n    at e.callback.s.callback [as _callback] (<embedded>:227:446907)\n    at s._callback.s.callback.s.callback (<embedded>:290:105750)\n    at ee.emit (node:events:518:28)\n    at ee.onRequestError (<embedded>:290:114692)\n    at ClientRequest.emit (node:events:530:35)\n    at emitErrorEvent (node:_http_client:101:11)\n    at TLSSocket.socketErrorListener (node:_http_client:504:5)\n    at TLSSocket.emit (node:events:518:28)\n    at emitErrorNT (node:internal/streams/destroy:169:8)\n    at emitErrorCloseNT (node:internal/streams/destroy:128:3)\n    at process.processTicksAndRejections (node:internal/process/task_queues:82:21)",
                "diff": null
              },
              "uuid": "88ac0af6-34f6-42a6-bf06-879ede6178ba",
              "parentUUID": "212b0437-6732-4a06-89ce-8811ca19ec6d",
              "isHook": false,
              "skipped": false
            }
          ],
          "suites": [],
          "passes": [],
          "failures": [
            "d7ef4886-0d0e-4809-ba4e-e79256cb9b43",
            "b7c4a22f-fe61-4226-b591-faca3d9a2904",
            "88ac0af6-34f6-42a6-bf06-879ede6178ba"
          ],
          "pending": [],
          "skipped": [],
          "duration": 196089,
          "root": false,
          "rootEmpty": false,
          "_timeout": 2000
        }
      ],
      "passes": [],
      "failures": [],
      "pending": [],
      "skipped": [],
      "duration": 0,
      "root": true,
      "rootEmpty": true,
      "_timeout": 2000
    },
    {
      "uuid": "f096d2c9-dc67-4560-bda3-9c9892653f12",
      "title": "",
      "fullFile": "cypress\\tests\\components\\ProductDetailTest.ts",
      "file": "cypress\\tests\\components\\ProductDetailTest.ts",
      "beforeHooks": [],
      "afterHooks": [],
      "tests": [],
      "suites": [
        {
          "uuid": "7b003050-e0fe-47fd-91dd-7d207689b7d4",
          "title": "Product detail test ",
          "fullFile": "",
          "file": "",
          "beforeHooks": [],
          "afterHooks": [],
          "tests": [
            {
              "title": "test product detail",
              "fullTitle": "Product detail test  test product detail",
              "timedOut": null,
              "duration": 22889,
              "state": "failed",
              "speed": null,
              "pass": false,
              "fail": true,
              "pending": false,
              "context": null,
              "code": "HomePageAPI_1.HomePageAPI.getHomePageProducts().then(function (apiproduct) {\n    var randomProduct = apiproduct[Math.floor(Math.random() * apiproduct.length)];\n    var randomProductTitle = randomProduct.title.trim().replace(\"\\n\", \"\");\n    cy.contains(randomProductTitle).click();\n    /*  cy.wait(2000); */\n    var productDetails = new ProductDetailComponent_1.default();\n    productDetails.getProductName().should('contain', randomProductTitle);\n    productDetails.getProductPrice().should('contain.text', randomProduct.price);\n});",
              "err": {
                "message": "TypeError: Cannot read properties of undefined (reading 'body')",
                "estack": "TypeError: Cannot read properties of undefined (reading 'body')\n    at Context.eval (webpack://newapp/./cypress/support/HomePageAPI.ts:6:36)\n    at getRet (https://demoblaze.com/__cypress/runner/cypress_runner.js:119652:20)\n    at tryCatcher (https://demoblaze.com/__cypress/runner/cypress_runner.js:1777:23)\n    at Promise.attempt.Promise.try (https://demoblaze.com/__cypress/runner/cypress_runner.js:4285:29)\n    at Context.thenFn (https://demoblaze.com/__cypress/runner/cypress_runner.js:119663:66)\n    at Context.then (https://demoblaze.com/__cypress/runner/cypress_runner.js:119914:21)\n    at wrapped (https://demoblaze.com/__cypress/runner/cypress_runner.js:140191:19)\n    at <unknown> (https://demoblaze.com/__cypress/runner/cypress_runner.js:146136:15)\n    at tryCatcher (https://demoblaze.com/__cypress/runner/cypress_runner.js:1777:23)",
                "diff": null
              },
              "uuid": "6177a7e2-dc66-4629-a2bb-6cb0e4ed5357",
              "parentUUID": "7b003050-e0fe-47fd-91dd-7d207689b7d4",
              "isHook": false,
              "skipped": false
            }
          ],
          "suites": [],
          "passes": [],
          "failures": [
            "6177a7e2-dc66-4629-a2bb-6cb0e4ed5357"
          ],
          "pending": [],
          "skipped": [],
          "duration": 22889,
          "root": false,
          "rootEmpty": false,
          "_timeout": 2000
        }
      ],
      "passes": [],
      "failures": [],
      "pending": [],
      "skipped": [],
      "duration": 0,
      "root": true,
      "rootEmpty": true,
      "_timeout": 2000
    },
    {
      "uuid": "471def4d-eaf9-4f90-902c-fae598233d20",
      "title": "",
      "fullFile": "cypress\\tests\\backup\\spec.cy.ts",
      "file": "cypress\\tests\\backup\\spec.cy.ts",
      "beforeHooks": [],
      "afterHooks": [],
      "tests": [],
      "suites": [
        {
          "uuid": "397aa8cb-192c-44eb-8b66-4c7fda2797dc",
          "title": "template spec",
          "fullFile": "",
          "file": "",
          "beforeHooks": [],
          "afterHooks": [],
          "tests": [
            {
              "title": "passes",
              "fullTitle": "template spec passes",
              "timedOut": null,
              "duration": 3597,
              "state": "passed",
              "speed": "fast",
              "pass": true,
              "fail": false,
              "pending": false,
              "context": null,
              "code": "cy.visit(\"https://the-internet.herokuapp.com/login\");\n/* cy.get(\"#username\").type('tomsmith')\ncy.get(\"#password\").type('SuperSecretPassword!')\ncy.get(\"#login > button\").click()\ncy.wait(3000) */\nvar gg = cy.get(\"input\");\n/* gg.eq(0).type('qwewqe') */\ngg.then(function (items) {\n    cy.get(items[0]).clear();\n    cy.get(items[0]).type('qwdqdw');\n    cy.get(items[1]).type('qwdqdw');\n});",
              "err": {},
              "uuid": "456c44f1-c2ac-4a78-b889-5b728668383c",
              "parentUUID": "397aa8cb-192c-44eb-8b66-4c7fda2797dc",
              "isHook": false,
              "skipped": false
            }
          ],
          "suites": [],
          "passes": [
            "456c44f1-c2ac-4a78-b889-5b728668383c"
          ],
          "failures": [],
          "pending": [],
          "skipped": [],
          "duration": 3597,
          "root": false,
          "rootEmpty": false,
          "_timeout": 2000
        }
      ],
      "passes": [],
      "failures": [],
      "pending": [],
      "skipped": [],
      "duration": 0,
      "root": true,
      "rootEmpty": true,
      "_timeout": 2000
    },
    {
      "uuid": "416dd4da-e804-4513-8cd2-ff0eda005558",
      "title": "",
      "fullFile": "cypress\\tests\\backup\\spec2.cy.ts",
      "file": "cypress\\tests\\backup\\spec2.cy.ts",
      "beforeHooks": [],
      "afterHooks": [],
      "tests": [],
      "suites": [
        {
          "uuid": "da493263-ae20-4723-997e-39577bdf6a19",
          "title": "template spec",
          "fullFile": "",
          "file": "",
          "beforeHooks": [],
          "afterHooks": [],
          "tests": [
            {
              "title": "passes",
              "fullTitle": "template spec passes",
              "timedOut": null,
              "duration": 2793,
              "state": "passed",
              "speed": "fast",
              "pass": true,
              "fail": false,
              "pending": false,
              "context": null,
              "code": "cy.visit(\"https://the-internet.herokuapp.com/\");\ncy.get(\"a[href='/login'\").click();\ncy.location(\"pathname\", { timeout: 1000 }).should(\"eq\", \"/login\");",
              "err": {},
              "uuid": "2ca768f0-9cef-4081-acdd-b1ec44aab43c",
              "parentUUID": "da493263-ae20-4723-997e-39577bdf6a19",
              "isHook": false,
              "skipped": false
            }
          ],
          "suites": [],
          "passes": [
            "2ca768f0-9cef-4081-acdd-b1ec44aab43c"
          ],
          "failures": [],
          "pending": [],
          "skipped": [],
          "duration": 2793,
          "root": false,
          "rootEmpty": false,
          "_timeout": 2000
        }
      ],
      "passes": [],
      "failures": [],
      "pending": [],
      "skipped": [],
      "duration": 0,
      "root": true,
      "rootEmpty": true,
      "_timeout": 2000
    },
    {
      "uuid": "2ead05a9-7373-40fc-a7a2-b42a3aaf8ae0",
      "title": "",
      "fullFile": "cypress\\tests\\backup\\specAmazonSearch.cy.ts",
      "file": "cypress\\tests\\backup\\specAmazonSearch.cy.ts",
      "beforeHooks": [],
      "afterHooks": [],
      "tests": [],
      "suites": [
        {
          "uuid": "39ac2e63-5be3-4bed-95f7-9230b5037365",
          "title": "Amazon",
          "fullFile": "",
          "file": "",
          "beforeHooks": [],
          "afterHooks": [],
          "tests": [
            {
              "title": "should able to search",
              "fullTitle": "Amazon should able to search",
              "timedOut": null,
              "duration": 11671,
              "state": "passed",
              "speed": "slow",
              "pass": true,
              "fail": false,
              "pending": false,
              "context": null,
              "code": "cy.visit(\"https://www.amazon.com/\");\nvar SEARCH_TEXT = \"table\";\nvar AmHomePage = new AmazonHomePage_1.default();\nAmHomePage.searchTxtBxElem.type(SEARCH_TEXT);\nAmHomePage.searchBtnElem.click();\nvar AmazSearchResult = new AmazonSearchResult_1.default();\nAmazSearchResult.searchItemElemList.should(\"not.have.length\", 0);",
              "err": {},
              "uuid": "cbf3b932-333d-4888-ad63-bff2212a0fdd",
              "parentUUID": "39ac2e63-5be3-4bed-95f7-9230b5037365",
              "isHook": false,
              "skipped": false
            }
          ],
          "suites": [],
          "passes": [
            "cbf3b932-333d-4888-ad63-bff2212a0fdd"
          ],
          "failures": [],
          "pending": [],
          "skipped": [],
          "duration": 11671,
          "root": false,
          "rootEmpty": false,
          "_timeout": 2000
        }
      ],
      "passes": [],
      "failures": [],
      "pending": [],
      "skipped": [],
      "duration": 0,
      "root": true,
      "rootEmpty": true,
      "_timeout": 2000
    },
    {
      "uuid": "bcfa0735-5223-4004-8a3c-f4ac00fd06ff",
      "title": "",
      "fullFile": "cypress\\tests\\backup\\specDemoBlaze.cy.ts",
      "file": "cypress\\tests\\backup\\specDemoBlaze.cy.ts",
      "beforeHooks": [],
      "afterHooks": [],
      "tests": [],
      "suites": [
        {
          "uuid": "b32b71b4-c1ec-43a5-ba19-d233d3b3f039",
          "title": "Blaze homepage",
          "fullFile": "",
          "file": "",
          "beforeHooks": [],
          "afterHooks": [],
          "tests": [
            {
              "title": "balze test card intercept",
              "fullTitle": "Blaze homepage balze test card intercept",
              "timedOut": null,
              "duration": 23367,
              "state": "failed",
              "speed": null,
              "pass": false,
              "fail": true,
              "pending": false,
              "context": null,
              "code": "cy.visit(\"https://demoblaze.com/index.html\");\ncy.intercept(\"/entries\").as('entries');\ncy.wait('@entries');\ncy.get('@entries').then(function (entries) {\n    var apiItem = entries.response.body.Items;\n    apiItem = apiItem.map(function (item) {\n        return {\n            itemName: item.title.replace('\\n', ''),\n            itemPrice: \"$\".concat(item.price)\n        };\n    });\n    cy.log(JSON.stringify(apiItem));\n    new DemoBlazePage_1.default().getAllCardData().then(function (allCardData) {\n        cy.wrap(\"\").then(function () {\n            expect(allCardData).to.have.deep.eq(apiItem);\n            /* cy.log(JSON.stringify(ProductData)) */\n        });\n    });\n});",
              "err": {
                "message": "TypeError: Cannot read properties of undefined (reading 'body')",
                "estack": "TypeError: Cannot read properties of undefined (reading 'body')\n    at Context.eval (webpack://newapp/./cypress/tests/backup/specDemoBlaze.cy.ts:33:38)\n    at getRet (https://demoblaze.com/__cypress/runner/cypress_runner.js:119652:20)\n    at tryCatcher (https://demoblaze.com/__cypress/runner/cypress_runner.js:1777:23)\n    at Promise.attempt.Promise.try (https://demoblaze.com/__cypress/runner/cypress_runner.js:4285:29)\n    at Context.thenFn (https://demoblaze.com/__cypress/runner/cypress_runner.js:119663:66)\n    at Context.then (https://demoblaze.com/__cypress/runner/cypress_runner.js:119914:21)\n    at wrapped (https://demoblaze.com/__cypress/runner/cypress_runner.js:140191:19)\n    at <unknown> (https://demoblaze.com/__cypress/runner/cypress_runner.js:146136:15)\n    at tryCatcher (https://demoblaze.com/__cypress/runner/cypress_runner.js:1777:23)",
                "diff": null
              },
              "uuid": "3d7114bb-6d94-4288-be74-dda2c44cb79f",
              "parentUUID": "b32b71b4-c1ec-43a5-ba19-d233d3b3f039",
              "isHook": false,
              "skipped": false
            }
          ],
          "suites": [],
          "passes": [],
          "failures": [
            "3d7114bb-6d94-4288-be74-dda2c44cb79f"
          ],
          "pending": [],
          "skipped": [],
          "duration": 23367,
          "root": false,
          "rootEmpty": false,
          "_timeout": 2000
        }
      ],
      "passes": [],
      "failures": [],
      "pending": [],
      "skipped": [],
      "duration": 0,
      "root": true,
      "rootEmpty": true,
      "_timeout": 2000
    },
    {
      "uuid": "3cafee1c-b004-459e-89d5-9815b85f21ec",
      "title": "",
      "fullFile": "cypress\\tests\\backup\\specDemoBlazeBeforeTest.cy.ts",
      "file": "cypress\\tests\\backup\\specDemoBlazeBeforeTest.cy.ts",
      "beforeHooks": [],
      "afterHooks": [],
      "tests": [],
      "suites": [
        {
          "uuid": "0400696d-9ca7-4c8d-836f-2b6fdf7fbd97",
          "title": "Blaze homepage test before",
          "fullFile": "",
          "file": "",
          "beforeHooks": [],
          "afterHooks": [],
          "tests": [
            {
              "title": "balze test card",
              "fullTitle": "Blaze homepage test before balze test card",
              "timedOut": null,
              "duration": 22929,
              "state": "failed",
              "speed": null,
              "pass": false,
              "fail": true,
              "pending": false,
              "context": null,
              "code": "var apiItem = apiProduct.map(function (item) {\n    return {\n        itemName: item.title.replace(\"\\n\", \"\"),\n        itemPrice: \"$\".concat(item.price),\n    };\n});\nnew DemoBlazePage_1.default().getAllCardData().then(function (allCardData) {\n    cy.wrap(\"\").then(function () {\n        expect(allCardData).to.have.deep.eq(apiItem);\n    });\n});",
              "err": {
                "message": "TypeError: Cannot read properties of undefined (reading 'body')\n\nBecause this error occurred during a `before all` hook we are skipping the remaining tests in the current suite: `Blaze homepage test before`",
                "estack": "TypeError: Cannot read properties of undefined (reading 'body')\n\nBecause this error occurred during a `before all` hook we are skipping the remaining tests in the current suite: `Blaze homepage test before`\n    at Context.eval (webpack://newapp/./cypress/support/HomePageAPI.ts:6:36)\n    at getRet (https://demoblaze.com/__cypress/runner/cypress_runner.js:119652:20)\n    at tryCatcher (https://demoblaze.com/__cypress/runner/cypress_runner.js:1777:23)\n    at Promise.attempt.Promise.try (https://demoblaze.com/__cypress/runner/cypress_runner.js:4285:29)\n    at Context.thenFn (https://demoblaze.com/__cypress/runner/cypress_runner.js:119663:66)\n    at Context.then (https://demoblaze.com/__cypress/runner/cypress_runner.js:119914:21)\n    at wrapped (https://demoblaze.com/__cypress/runner/cypress_runner.js:140191:19)\n    at <unknown> (https://demoblaze.com/__cypress/runner/cypress_runner.js:146136:15)\n    at tryCatcher (https://demoblaze.com/__cypress/runner/cypress_runner.js:1777:23)",
                "diff": null
              },
              "uuid": "3434ed7b-19da-4ab7-850f-fd98b719a60b",
              "parentUUID": "0400696d-9ca7-4c8d-836f-2b6fdf7fbd97",
              "isHook": false,
              "skipped": false
            }
          ],
          "suites": [],
          "passes": [],
          "failures": [
            "3434ed7b-19da-4ab7-850f-fd98b719a60b"
          ],
          "pending": [],
          "skipped": [],
          "duration": 22929,
          "root": false,
          "rootEmpty": false,
          "_timeout": 2000
        }
      ],
      "passes": [],
      "failures": [],
      "pending": [],
      "skipped": [],
      "duration": 0,
      "root": true,
      "rootEmpty": true,
      "_timeout": 2000
    },
    {
      "uuid": "0db0873b-c1da-4368-bea0-50b4a2c5f822",
      "title": "",
      "fullFile": "cypress\\tests\\backup\\specSRHomePageTest.cy.ts",
      "file": "cypress\\tests\\backup\\specSRHomePageTest.cy.ts",
      "beforeHooks": [],
      "afterHooks": [],
      "tests": [],
      "suites": [
        {
          "uuid": "088b0a4d-fbd0-4614-8c3d-b8c893909e56",
          "title": "SR homepage",
          "fullFile": "",
          "file": "",
          "beforeHooks": [],
          "afterHooks": [],
          "tests": [
            {
              "title": "within method",
              "fullTitle": "SR homepage within method",
              "timedOut": null,
              "duration": 1311,
              "state": "failed",
              "speed": null,
              "pass": false,
              "fail": true,
              "pending": false,
              "context": null,
              "code": "cy.visit(\"https://www.simplyrecipes.com/\");\nnew SRHomePage_1.SRHomePage().getHeroComTitle().then(function (title) {\n    cy.wrap(\"\").then(function () {\n        expect(title).to.be.eq('My Dutch Baby Recipe Is Totally Foolproof—I Make It Every Weekend');\n    });\n});",
              "err": {
                "message": "AssertionError: expected 'My Uncle Oliver’s Spiced Roasted Potatoes Are My Favorite Side Dish' to equal 'My Dutch Baby Recipe Is Totally Foolproof—I Make It Every Weekend'",
                "estack": "AssertionError: expected 'My Uncle Oliver’s Spiced Roasted Potatoes Are My Favorite Side Dish' to equal 'My Dutch Baby Recipe Is Totally Foolproof—I Make It Every Weekend'\n    at Context.eval (webpack://newapp/./cypress/tests/backup/specSRHomePageTest.cy.ts:9:36)\n    at getRet (https://www.simplyrecipes.com/__cypress/runner/cypress_runner.js:119652:20)\n    at tryCatcher (https://www.simplyrecipes.com/__cypress/runner/cypress_runner.js:1777:23)\n    at Promise.attempt.Promise.try (https://www.simplyrecipes.com/__cypress/runner/cypress_runner.js:4285:29)\n    at Context.thenFn (https://www.simplyrecipes.com/__cypress/runner/cypress_runner.js:119663:66)\n    at Context.then (https://www.simplyrecipes.com/__cypress/runner/cypress_runner.js:119914:21)",
                "diff": "- 'My Uncle Oliver’s Spiced Roasted Potatoes Are My Favorite Side Dish'\n+ 'My Dutch Baby Recipe Is Totally Foolproof—I Make It Every Weekend'\n"
              },
              "uuid": "b7f52f7b-981a-42b3-bb21-e936a7fbb50e",
              "parentUUID": "088b0a4d-fbd0-4614-8c3d-b8c893909e56",
              "isHook": false,
              "skipped": false
            }
          ],
          "suites": [],
          "passes": [],
          "failures": [
            "b7f52f7b-981a-42b3-bb21-e936a7fbb50e"
          ],
          "pending": [],
          "skipped": [],
          "duration": 1311,
          "root": false,
          "rootEmpty": false,
          "_timeout": 2000
        }
      ],
      "passes": [],
      "failures": [],
      "pending": [],
      "skipped": [],
      "duration": 0,
      "root": true,
      "rootEmpty": true,
      "_timeout": 2000
    },
    {
      "uuid": "4d584aad-c955-49e8-9498-3647e7b02379",
      "title": "",
      "fullFile": "cypress\\tests\\backup\\specWithinAndFindMethod.cy.ts",
      "file": "cypress\\tests\\backup\\specWithinAndFindMethod.cy.ts",
      "beforeHooks": [],
      "afterHooks": [],
      "tests": [],
      "suites": [
        {
          "uuid": "ee62916c-f9a2-4d0f-9db4-3a70a5872b23",
          "title": "Within test and find",
          "fullFile": "",
          "file": "",
          "beforeHooks": [],
          "afterHooks": [],
          "tests": [
            {
              "title": "find method",
              "fullTitle": "Within test and find find method",
              "timedOut": null,
              "duration": 990,
              "state": "passed",
              "speed": "fast",
              "pass": true,
              "fail": false,
              "pending": false,
              "context": null,
              "code": "cy.visit(\"https://www.simplyrecipes.com/\");\ncy.get('.showcase__hero').find('.card__title').each(function (title, index) {\n    cy.log(index);\n});",
              "err": {},
              "uuid": "e9da0446-2326-4102-8e6f-f3c34018817e",
              "parentUUID": "ee62916c-f9a2-4d0f-9db4-3a70a5872b23",
              "isHook": false,
              "skipped": false
            }
          ],
          "suites": [],
          "passes": [
            "e9da0446-2326-4102-8e6f-f3c34018817e"
          ],
          "failures": [],
          "pending": [],
          "skipped": [],
          "duration": 990,
          "root": false,
          "rootEmpty": false,
          "_timeout": 2000
        }
      ],
      "passes": [],
      "failures": [],
      "pending": [],
      "skipped": [],
      "duration": 0,
      "root": true,
      "rootEmpty": true,
      "_timeout": 2000
    },
    {
      "uuid": "060511f6-d68d-4b11-a92d-2f9d0f2b1878",
      "title": "",
      "fullFile": "cypress\\tests\\backup\\specsheckbox.cy.ts",
      "file": "cypress\\tests\\backup\\specsheckbox.cy.ts",
      "beforeHooks": [],
      "afterHooks": [],
      "tests": [],
      "suites": [
        {
          "uuid": "b8ddde2b-4db1-4a35-b681-5d8ad4a2a77d",
          "title": "template spec",
          "fullFile": "",
          "file": "",
          "beforeHooks": [],
          "afterHooks": [],
          "tests": [
            {
              "title": "passes",
              "fullTitle": "template spec passes",
              "timedOut": null,
              "duration": 3022,
              "state": "passed",
              "speed": "fast",
              "pass": true,
              "fail": false,
              "pending": false,
              "context": null,
              "code": "cy.visit(\"https://the-internet.herokuapp.com/checkboxes\");\ncy.get(havecheckbox).eq(0).click();\ncy.get(havecheckbox).eq(1).click();\ncy.get(havecheckbox).eq(0).click();\ncy.get(havecheckbox).filter(\":not([checked])\").should(\"have.length\", 2);\ncy.get(havecheckbox).filter(\":not([checked])\").then(function (item) {\n    cy.get(item).click({ multiple: true });\n});",
              "err": {},
              "uuid": "3746f46a-9569-4a65-b0fb-49a76d0e7bbd",
              "parentUUID": "b8ddde2b-4db1-4a35-b681-5d8ad4a2a77d",
              "isHook": false,
              "skipped": false
            }
          ],
          "suites": [],
          "passes": [
            "3746f46a-9569-4a65-b0fb-49a76d0e7bbd"
          ],
          "failures": [],
          "pending": [],
          "skipped": [],
          "duration": 3022,
          "root": false,
          "rootEmpty": false,
          "_timeout": 2000
        }
      ],
      "passes": [],
      "failures": [],
      "pending": [],
      "skipped": [],
      "duration": 0,
      "root": true,
      "rootEmpty": true,
      "_timeout": 2000
    },
    {
      "uuid": "286c3a6c-8c97-4d91-8d3f-3713dd739c86",
      "title": "",
      "fullFile": "cypress\\tests\\signup\\SignUpTest.ts",
      "file": "cypress\\tests\\signup\\SignUpTest.ts",
      "beforeHooks": [],
      "afterHooks": [],
      "tests": [],
      "suites": [
        {
          "uuid": "c7151cd1-ce71-46cb-a5c5-eebdba35499e",
          "title": "SignUp test ",
          "fullFile": "",
          "file": "",
          "beforeHooks": [],
          "afterHooks": [],
          "tests": [
            {
              "title": "test login credential",
              "fullTitle": "SignUp test  test login credential",
              "timedOut": null,
              "duration": 1871,
              "state": "passed",
              "speed": "fast",
              "pass": true,
              "fail": false,
              "pending": false,
              "context": null,
              "code": "var username = SignUp_CREDS.username, password = SignUp_CREDS.password;\nsignup(username, password);\ncy.on('window:alert', function (alert) {\n    expect(alert).to.contains(\"Sign up successful,\");\n});",
              "err": {},
              "uuid": "30684734-b055-4e4d-867d-515fac46c72d",
              "parentUUID": "c7151cd1-ce71-46cb-a5c5-eebdba35499e",
              "isHook": false,
              "skipped": false
            },
            {
              "title": "should be able to see userexist",
              "fullTitle": "SignUp test  should be able to see userexist",
              "timedOut": null,
              "duration": 847,
              "state": "passed",
              "speed": "fast",
              "pass": true,
              "fail": false,
              "pending": false,
              "context": null,
              "code": "var password = SignUp_CREDS.password;\nsignup(\"khoa25\", \"\".concat(password, \"_qwdqw\"));\ncy.on('window:alert', function (alert) {\n    expect(alert).to.contains(\"User exist\");\n});",
              "err": {},
              "uuid": "f5bf9be1-281d-402a-a62e-950b60226fc4",
              "parentUUID": "c7151cd1-ce71-46cb-a5c5-eebdba35499e",
              "isHook": false,
              "skipped": false
            }
          ],
          "suites": [],
          "passes": [
            "30684734-b055-4e4d-867d-515fac46c72d",
            "f5bf9be1-281d-402a-a62e-950b60226fc4"
          ],
          "failures": [],
          "pending": [],
          "skipped": [],
          "duration": 2718,
          "root": false,
          "rootEmpty": false,
          "_timeout": 2000
        }
      ],
      "passes": [],
      "failures": [],
      "pending": [],
      "skipped": [],
      "duration": 0,
      "root": true,
      "rootEmpty": true,
      "_timeout": 2000
    },
    {
      "uuid": "38eb1320-3cb3-417b-98af-667b30e7ab37",
      "title": "",
      "fullFile": "cypress\\tests\\order\\OrderlTest.ts",
      "file": "cypress\\tests\\order\\OrderlTest.ts",
      "beforeHooks": [],
      "afterHooks": [],
      "tests": [],
      "suites": [
        {
          "uuid": "99b3b161-e78a-438a-af76-75f7109c39f6",
          "title": "order detail test ",
          "fullFile": "",
          "file": "",
          "beforeHooks": [],
          "afterHooks": [],
          "tests": [
            {
              "title": "test order detail",
              "fullTitle": "order detail test  test order detail",
              "timedOut": null,
              "duration": 8849,
              "state": "passed",
              "speed": "medium",
              "pass": true,
              "fail": false,
              "pending": false,
              "context": null,
              "code": "purchaseItem();",
              "err": {},
              "uuid": "49b63c66-4dd3-4dca-900e-fc784c26ae82",
              "parentUUID": "99b3b161-e78a-438a-af76-75f7109c39f6",
              "isHook": false,
              "skipped": false
            },
            {
              "title": "test login after that  order ",
              "fullTitle": "order detail test  test login after that  order ",
              "timedOut": null,
              "duration": 9373,
              "state": "passed",
              "speed": "medium",
              "pass": true,
              "fail": false,
              "pending": false,
              "context": null,
              "code": "var username = LOGIN_CREDS.username, password = LOGIN_CREDS.password;\nlogin(username, password);\npurchaseItem();",
              "err": {},
              "uuid": "a6747a20-2505-4582-98d6-3c5e6367c3f3",
              "parentUUID": "99b3b161-e78a-438a-af76-75f7109c39f6",
              "isHook": false,
              "skipped": false
            }
          ],
          "suites": [],
          "passes": [
            "49b63c66-4dd3-4dca-900e-fc784c26ae82",
            "a6747a20-2505-4582-98d6-3c5e6367c3f3"
          ],
          "failures": [],
          "pending": [],
          "skipped": [],
          "duration": 18222,
          "root": false,
          "rootEmpty": false,
          "_timeout": 2000
        }
      ],
      "passes": [],
      "failures": [],
      "pending": [],
      "skipped": [],
      "duration": 0,
      "root": true,
      "rootEmpty": true,
      "_timeout": 2000
    },
    {
      "uuid": "c549c5b5-d50a-4c90-b604-3c1aa1c92b05",
      "title": "",
      "fullFile": "cypress\\tests\\authen\\LoginTest.cy.ts",
      "file": "cypress\\tests\\authen\\LoginTest.cy.ts",
      "beforeHooks": [],
      "afterHooks": [],
      "tests": [],
      "suites": [
        {
          "uuid": "65c0dacb-8530-4591-b00b-e7aa76d2da57",
          "title": "login test ",
          "fullFile": "",
          "file": "",
          "beforeHooks": [],
          "afterHooks": [],
          "tests": [
            {
              "title": "test login credential",
              "fullTitle": "login test  test login credential",
              "timedOut": null,
              "duration": 3390,
              "state": "passed",
              "speed": "fast",
              "pass": true,
              "fail": false,
              "pending": false,
              "context": null,
              "code": "var username = LOGIN_CREDS.username, password = LOGIN_CREDS.password;\nlogin(username, password);\nloginComp.getLoggedUsername().should('be.visible');\nloginComp.getLoggedUsername().should('contain.text', \"Welcome \".concat(LOGIN_CREDS.username));",
              "err": {},
              "uuid": "8c6eb028-4774-402b-8e62-5e310e46397a",
              "parentUUID": "65c0dacb-8530-4591-b00b-e7aa76d2da57",
              "isHook": false,
              "skipped": false
            },
            {
              "title": "should be able to see wrong pass",
              "fullTitle": "login test  should be able to see wrong pass",
              "timedOut": null,
              "duration": 1292,
              "state": "passed",
              "speed": "fast",
              "pass": true,
              "fail": false,
              "pending": false,
              "context": null,
              "code": "var username = LOGIN_CREDS.username, password = LOGIN_CREDS.password;\nlogin(username, \"\".concat(password, \"_qwdqw\"));\ncy.on('window:alert', function (alert) {\n    expect(alert).to.contains(\"Wrong password\");\n});",
              "err": {},
              "uuid": "a1cb5e52-616a-4567-9f32-d02e1d4f53e1",
              "parentUUID": "65c0dacb-8530-4591-b00b-e7aa76d2da57",
              "isHook": false,
              "skipped": false
            }
          ],
          "suites": [],
          "passes": [
            "8c6eb028-4774-402b-8e62-5e310e46397a",
            "a1cb5e52-616a-4567-9f32-d02e1d4f53e1"
          ],
          "failures": [],
          "pending": [],
          "skipped": [],
          "duration": 4682,
          "root": false,
          "rootEmpty": false,
          "_timeout": 2000
        }
      ],
      "passes": [],
      "failures": [],
      "pending": [],
      "skipped": [],
      "duration": 0,
      "root": true,
      "rootEmpty": true,
      "_timeout": 2000
    },
    {
      "uuid": "456640c4-ff2d-4667-bf25-288873e6b497",
      "title": "",
      "fullFile": "cypress\\tests\\components\\FooterTest.ts",
      "file": "cypress\\tests\\components\\FooterTest.ts",
      "beforeHooks": [],
      "afterHooks": [],
      "tests": [],
      "suites": [
        {
          "uuid": "dcfc564e-51be-473a-bd5e-a1609337265d",
          "title": "footer component test",
          "fullFile": "",
          "file": "",
          "beforeHooks": [],
          "afterHooks": [],
          "tests": [
            {
              "title": "test about us",
              "fullTitle": "footer component test test about us",
              "timedOut": null,
              "duration": 1617,
              "state": "passed",
              "speed": "fast",
              "pass": true,
              "fail": false,
              "pending": false,
              "context": null,
              "code": "var expectedData = {\n    header: \"About Us\",\n    desc: \"We believe performance needs to be validated at every stage of the software development cycle and our open source compatible, massively scalable platform makes that a reality.\",\n};\nfooterComp.getAboutUsData().then(function (actualData) {\n    expect(actualData).to.deep.eq(expectedData);\n});",
              "err": {},
              "uuid": "4660d514-b361-4133-b2bc-59310b93af35",
              "parentUUID": "dcfc564e-51be-473a-bd5e-a1609337265d",
              "isHook": false,
              "skipped": false
            },
            {
              "title": "test contact us",
              "fullTitle": "footer component test test contact us",
              "timedOut": null,
              "duration": 374,
              "state": "passed",
              "speed": "fast",
              "pass": true,
              "fail": false,
              "pending": false,
              "context": null,
              "code": "var expectedData = { header: \"Get in Touch\",\n    Address: \"2390 El Camino Real\",\n    Phone: \"+440 123456\",\n    Email: \"demo@blazemeter.com\" };\nfooterComp.getContactUsData().then(function (actualData) {\n    expect(actualData.header).to.eq(expectedData.header);\n});",
              "err": {},
              "uuid": "48b1aa9c-a2c2-4ae0-8bd0-9c5ec91c5d07",
              "parentUUID": "dcfc564e-51be-473a-bd5e-a1609337265d",
              "isHook": false,
              "skipped": false
            }
          ],
          "suites": [],
          "passes": [
            "4660d514-b361-4133-b2bc-59310b93af35",
            "48b1aa9c-a2c2-4ae0-8bd0-9c5ec91c5d07"
          ],
          "failures": [],
          "pending": [],
          "skipped": [],
          "duration": 1991,
          "root": false,
          "rootEmpty": false,
          "_timeout": 2000
        }
      ],
      "passes": [],
      "failures": [],
      "pending": [],
      "skipped": [],
      "duration": 0,
      "root": true,
      "rootEmpty": true,
      "_timeout": 2000
    }
  ],
  "meta": {
    "mocha": {
      "version": "7.2.0"
    },
    "mochawesome": {
      "options": {
        "quiet": false,
        "reportFilename": "mochawesome",
        "saveHtml": false,
        "saveJson": true,
        "consoleReporter": "spec",
        "useInlineDiffs": false,
        "code": true
      },
      "version": "7.1.3"
    },
    "marge": {
      "options": {
        "reportDir": "cypress/results",
        "overwrite": false,
        "html": false,
        "json": true
      },
      "version": "6.2.0"
    }
  }
}