{
  "stats": {
    "suites": 1,
    "tests": 1,
    "passes": 1,
    "pending": 0,
    "failures": 0,
    "start": "2025-04-22T01:19:06.711Z",
    "end": "2025-04-22T01:19:21.982Z",
    "duration": 15271,
    "testsRegistered": 1,
    "passPercent": 100,
    "pendingPercent": 0,
    "other": 0,
    "hasOther": false,
    "skipped": 0,
    "hasSkipped": false
  },
  "results": [
    {
      "uuid": "2ead05a9-7373-40fc-a7a2-b42a3aaf8ae0",
      "title": "",
      "fullFile": "cypress\\tests\\backup\\specAmazonSearch.cy.ts",
      "file": "cypress\\tests\\backup\\specAmazonSearch.cy.ts",
      "beforeHooks": [],
      "afterHooks": [],
      "tests": [],
      "suites": [
        {
          "uuid": "39ac2e63-5be3-4bed-95f7-9230b5037365",
          "title": "Amazon",
          "fullFile": "",
          "file": "",
          "beforeHooks": [],
          "afterHooks": [],
          "tests": [
            {
              "title": "should able to search",
              "fullTitle": "Amazon should able to search",
              "timedOut": null,
              "duration": 11671,
              "state": "passed",
              "speed": "slow",
              "pass": true,
              "fail": false,
              "pending": false,
              "context": null,
              "code": "cy.visit(\"https://www.amazon.com/\");\nvar SEARCH_TEXT = \"table\";\nvar AmHomePage = new AmazonHomePage_1.default();\nAmHomePage.searchTxtBxElem.type(SEARCH_TEXT);\nAmHomePage.searchBtnElem.click();\nvar AmazSearchResult = new AmazonSearchResult_1.default();\nAmazSearchResult.searchItemElemList.should(\"not.have.length\", 0);",
              "err": {},
              "uuid": "cbf3b932-333d-4888-ad63-bff2212a0fdd",
              "parentUUID": "39ac2e63-5be3-4bed-95f7-9230b5037365",
              "isHook": false,
              "skipped": false
            }
          ],
          "suites": [],
          "passes": [
            "cbf3b932-333d-4888-ad63-bff2212a0fdd"
          ],
          "failures": [],
          "pending": [],
          "skipped": [],
          "duration": 11671,
          "root": false,
          "rootEmpty": false,
          "_timeout": 2000
        }
      ],
      "passes": [],
      "failures": [],
      "pending": [],
      "skipped": [],
      "duration": 0,
      "root": true,
      "rootEmpty": true,
      "_timeout": 2000
    }
  ],
  "meta": {
    "mocha": {
      "version": "7.2.0"
    },
    "mochawesome": {
      "options": {
        "quiet": false,
        "reportFilename": "mochawesome",
        "saveHtml": false,
        "saveJson": true,
        "consoleReporter": "spec",
        "useInlineDiffs": false,
        "code": true
      },
      "version": "7.1.3"
    },
    "marge": {
      "options": {
        "reportDir": "cypress/results",
        "overwrite": false,
        "html": false,
        "json": true
      },
      "version": "6.2.0"
    }
  }
}