{
  "stats": {
    "suites": 1,
    "tests": 1,
    "passes": 1,
    "pending": 0,
    "failures": 0,
    "start": "2025-04-22T01:20:26.285Z",
    "end": "2025-04-22T01:20:31.884Z",
    "duration": 5599,
    "testsRegistered": 1,
    "passPercent": 100,
    "pendingPercent": 0,
    "other": 0,
    "hasOther": false,
    "skipped": 0,
    "hasSkipped": false
  },
  "results": [
    {
      "uuid": "060511f6-d68d-4b11-a92d-2f9d0f2b1878",
      "title": "",
      "fullFile": "cypress\\tests\\backup\\specsheckbox.cy.ts",
      "file": "cypress\\tests\\backup\\specsheckbox.cy.ts",
      "beforeHooks": [],
      "afterHooks": [],
      "tests": [],
      "suites": [
        {
          "uuid": "b8ddde2b-4db1-4a35-b681-5d8ad4a2a77d",
          "title": "template spec",
          "fullFile": "",
          "file": "",
          "beforeHooks": [],
          "afterHooks": [],
          "tests": [
            {
              "title": "passes",
              "fullTitle": "template spec passes",
              "timedOut": null,
              "duration": 3022,
              "state": "passed",
              "speed": "fast",
              "pass": true,
              "fail": false,
              "pending": false,
              "context": null,
              "code": "cy.visit(\"https://the-internet.herokuapp.com/checkboxes\");\ncy.get(havecheckbox).eq(0).click();\ncy.get(havecheckbox).eq(1).click();\ncy.get(havecheckbox).eq(0).click();\ncy.get(havecheckbox).filter(\":not([checked])\").should(\"have.length\", 2);\ncy.get(havecheckbox).filter(\":not([checked])\").then(function (item) {\n    cy.get(item).click({ multiple: true });\n});",
              "err": {},
              "uuid": "3746f46a-9569-4a65-b0fb-49a76d0e7bbd",
              "parentUUID": "b8ddde2b-4db1-4a35-b681-5d8ad4a2a77d",
              "isHook": false,
              "skipped": false
            }
          ],
          "suites": [],
          "passes": [
            "3746f46a-9569-4a65-b0fb-49a76d0e7bbd"
          ],
          "failures": [],
          "pending": [],
          "skipped": [],
          "duration": 3022,
          "root": false,
          "rootEmpty": false,
          "_timeout": 2000
        }
      ],
      "passes": [],
      "failures": [],
      "pending": [],
      "skipped": [],
      "duration": 0,
      "root": true,
      "rootEmpty": true,
      "_timeout": 2000
    }
  ],
  "meta": {
    "mocha": {
      "version": "7.2.0"
    },
    "mochawesome": {
      "options": {
        "quiet": false,
        "reportFilename": "mochawesome",
        "saveHtml": false,
        "saveJson": true,
        "consoleReporter": "spec",
        "useInlineDiffs": false,
        "code": true
      },
      "version": "7.1.3"
    },
    "marge": {
      "options": {
        "reportDir": "cypress/results",
        "overwrite": false,
        "html": false,
        "json": true
      },
      "version": "6.2.0"
    }
  }
}