{
  "stats": {
    "suites": 1,
    "tests": 2,
    "passes": 2,
    "pending": 0,
    "failures": 0,
    "start": "2025-04-22T01:20:37.850Z",
    "end": "2025-04-22T01:20:56.208Z",
    "duration": 18358,
    "testsRegistered": 2,
    "passPercent": 100,
    "pendingPercent": 0,
    "other": 0,
    "hasOther": false,
    "skipped": 0,
    "hasSkipped": false
  },
  "results": [
    {
      "uuid": "38eb1320-3cb3-417b-98af-667b30e7ab37",
      "title": "",
      "fullFile": "cypress\\tests\\order\\OrderlTest.ts",
      "file": "cypress\\tests\\order\\OrderlTest.ts",
      "beforeHooks": [],
      "afterHooks": [],
      "tests": [],
      "suites": [
        {
          "uuid": "99b3b161-e78a-438a-af76-75f7109c39f6",
          "title": "order detail test ",
          "fullFile": "",
          "file": "",
          "beforeHooks": [],
          "afterHooks": [],
          "tests": [
            {
              "title": "test order detail",
              "fullTitle": "order detail test  test order detail",
              "timedOut": null,
              "duration": 8849,
              "state": "passed",
              "speed": "medium",
              "pass": true,
              "fail": false,
              "pending": false,
              "context": null,
              "code": "purchaseItem();",
              "err": {},
              "uuid": "49b63c66-4dd3-4dca-900e-fc784c26ae82",
              "parentUUID": "99b3b161-e78a-438a-af76-75f7109c39f6",
              "isHook": false,
              "skipped": false
            },
            {
              "title": "test login after that  order ",
              "fullTitle": "order detail test  test login after that  order ",
              "timedOut": null,
              "duration": 9373,
              "state": "passed",
              "speed": "medium",
              "pass": true,
              "fail": false,
              "pending": false,
              "context": null,
              "code": "var username = LOGIN_CREDS.username, password = LOGIN_CREDS.password;\nlogin(username, password);\npurchaseItem();",
              "err": {},
              "uuid": "a6747a20-2505-4582-98d6-3c5e6367c3f3",
              "parentUUID": "99b3b161-e78a-438a-af76-75f7109c39f6",
              "isHook": false,
              "skipped": false
            }
          ],
          "suites": [],
          "passes": [
            "49b63c66-4dd3-4dca-900e-fc784c26ae82",
            "a6747a20-2505-4582-98d6-3c5e6367c3f3"
          ],
          "failures": [],
          "pending": [],
          "skipped": [],
          "duration": 18222,
          "root": false,
          "rootEmpty": false,
          "_timeout": 2000
        }
      ],
      "passes": [],
      "failures": [],
      "pending": [],
      "skipped": [],
      "duration": 0,
      "root": true,
      "rootEmpty": true,
      "_timeout": 2000
    }
  ],
  "meta": {
    "mocha": {
      "version": "7.2.0"
    },
    "mochawesome": {
      "options": {
        "quiet": false,
        "reportFilename": "mochawesome",
        "saveHtml": false,
        "saveJson": true,
        "consoleReporter": "spec",
        "useInlineDiffs": false,
        "code": true
      },
      "version": "7.1.3"
    },
    "marge": {
      "options": {
        "reportDir": "cypress/results",
        "overwrite": false,
        "html": false,
        "json": true
      },
      "version": "6.2.0"
    }
  }
}