{
  "stats": {
    "suites": 1,
    "tests": 1,
    "passes": 1,
    "pending": 0,
    "failures": 0,
    "start": "2025-04-22T01:18:51.664Z",
    "end": "2025-04-22T01:18:58.484Z",
    "duration": 6820,
    "testsRegistered": 1,
    "passPercent": 100,
    "pendingPercent": 0,
    "other": 0,
    "hasOther": false,
    "skipped": 0,
    "hasSkipped": false
  },
  "results": [
    {
      "uuid": "471def4d-eaf9-4f90-902c-fae598233d20",
      "title": "",
      "fullFile": "cypress\\tests\\backup\\spec.cy.ts",
      "file": "cypress\\tests\\backup\\spec.cy.ts",
      "beforeHooks": [],
      "afterHooks": [],
      "tests": [],
      "suites": [
        {
          "uuid": "397aa8cb-192c-44eb-8b66-4c7fda2797dc",
          "title": "template spec",
          "fullFile": "",
          "file": "",
          "beforeHooks": [],
          "afterHooks": [],
          "tests": [
            {
              "title": "passes",
              "fullTitle": "template spec passes",
              "timedOut": null,
              "duration": 3597,
              "state": "passed",
              "speed": "fast",
              "pass": true,
              "fail": false,
              "pending": false,
              "context": null,
              "code": "cy.visit(\"https://the-internet.herokuapp.com/login\");\n/* cy.get(\"#username\").type('tomsmith')\ncy.get(\"#password\").type('SuperSecretPassword!')\ncy.get(\"#login > button\").click()\ncy.wait(3000) */\nvar gg = cy.get(\"input\");\n/* gg.eq(0).type('qwewqe') */\ngg.then(function (items) {\n    cy.get(items[0]).clear();\n    cy.get(items[0]).type('qwdqdw');\n    cy.get(items[1]).type('qwdqdw');\n});",
              "err": {},
              "uuid": "456c44f1-c2ac-4a78-b889-5b728668383c",
              "parentUUID": "397aa8cb-192c-44eb-8b66-4c7fda2797dc",
              "isHook": false,
              "skipped": false
            }
          ],
          "suites": [],
          "passes": [
            "456c44f1-c2ac-4a78-b889-5b728668383c"
          ],
          "failures": [],
          "pending": [],
          "skipped": [],
          "duration": 3597,
          "root": false,
          "rootEmpty": false,
          "_timeout": 2000
        }
      ],
      "passes": [],
      "failures": [],
      "pending": [],
      "skipped": [],
      "duration": 0,
      "root": true,
      "rootEmpty": true,
      "_timeout": 2000
    }
  ],
  "meta": {
    "mocha": {
      "version": "7.2.0"
    },
    "mochawesome": {
      "options": {
        "quiet": false,
        "reportFilename": "mochawesome",
        "saveHtml": false,
        "saveJson": true,
        "consoleReporter": "spec",
        "useInlineDiffs": false,
        "code": true
      },
      "version": "7.1.3"
    },
    "marge": {
      "options": {
        "reportDir": "cypress/results",
        "overwrite": false,
        "html": false,
        "json": true
      },
      "version": "6.2.0"
    }
  }
}