{
  "stats": {
    "suites": 1,
    "tests": 3,
    "passes": 0,
    "pending": 0,
    "failures": 3,
    "start": "2025-04-22T01:15:07.573Z",
    "end": "2025-04-22T01:18:23.875Z",
    "duration": 196302,
    "testsRegistered": 3,
    "passPercent": 0,
    "pendingPercent": 0,
    "other": 0,
    "hasOther": false,
    "skipped": 0,
    "hasSkipped": false
  },
  "results": [
    {
      "uuid": "d0f9c705-6d70-4f16-9dc0-df7c091ad676",
      "title": "",
      "fullFile": "cypress\\tests\\components\\HomePageCategoryTest.ts",
      "file": "cypress\\tests\\components\\HomePageCategoryTest.ts",
      "beforeHooks": [],
      "afterHooks": [],
      "tests": [],
      "suites": [
        {
          "uuid": "212b0437-6732-4a06-89ce-8811ca19ec6d",
          "title": "homepage category component test",
          "fullFile": "",
          "file": "",
          "beforeHooks": [],
          "afterHooks": [],
          "tests": [
            {
              "title": "test phone cate",
              "fullTitle": "homepage category component test test phone cate",
              "timedOut": null,
              "duration": 65264,
              "state": "failed",
              "speed": null,
              "pass": false,
              "fail": true,
              "pending": false,
              "context": null,
              "code": "verifyCategoryFilterBy(product);",
              "err": {
                "message": "CypressError: `cy.request()` failed trying to load:\n\nhttps://api.demoblaze.com/bycat\n\nWe attempted to make an http request to this URL but the request failed without a response.\n\nWe received this error at the network level:\n\n  > Error: connect ETIMEDOUT 2404:6800:4005:812::2013:443\n\n-----------------------------------------------------------\n\nThe request we sent was:\n\nMethod: POST\nURL: https://api.demoblaze.com/bycat\n\n-----------------------------------------------------------\n\nCommon situations why this would fail:\n  - you don't have internet access\n  - you forgot to run / boot your web server\n  - your web server isn't accessible\n  - you have weird network configuration settings on your computer\n\nhttps://on.cypress.io/request",
                "estack": "CypressError: `cy.request()` failed trying to load:\n\nhttps://api.demoblaze.com/bycat\n\nWe attempted to make an http request to this URL but the request failed without a response.\n\nWe received this error at the network level:\n\n    at <unknown> (  > Error: connect ETIMEDOUT 2404:6800:4005:812::2013:443)\n\n-----------------------------------------------------------\n\nThe request we sent was:\n\nMethod: POST\nURL: https://api.demoblaze.com/bycat\n\n-----------------------------------------------------------\n\nCommon situations why this would fail:\n- you don't have internet access\n- you forgot to run / boot your web server\n- your web server isn't accessible\n- you have weird network configuration settings on your computer\n    at <unknown> (https://demoblaze.com/__cypress/runner/cypress_runner.js:135043:70)\n    at tryCatcher (https://demoblaze.com/__cypress/runner/cypress_runner.js:1777:23)\n    at <unknown> (https://demoblaze.com/__cypress/runner/cypress_runner.js:4173:37)\n    at tryCatcher (https://demoblaze.com/__cypress/runner/cypress_runner.js:1777:23)\n    at Promise._settlePromiseFromHandler (https://demoblaze.com/__cypress/runner/cypress_runner.js:1489:31)\n    at Promise._settlePromise (https://demoblaze.com/__cypress/runner/cypress_runner.js:1546:18)\n    at Promise._settlePromise0 (https://demoblaze.com/__cypress/runner/cypress_runner.js:1591:10)\n    at Promise._settlePromises (https://demoblaze.com/__cypress/runner/cypress_runner.js:1667:18)\n    at _drainQueueStep (https://demoblaze.com/__cypress/runner/cypress_runner.js:2377:12)\n    at _drainQueue (https://demoblaze.com/__cypress/runner/cypress_runner.js:2370:9)\n    at Async._drainQueues (https://demoblaze.com/__cypress/runner/cypress_runner.js:2386:5)\n    at Async.drainQueues (https://demoblaze.com/__cypress/runner/cypress_runner.js:2256:14)\nFrom Your Spec Code:\n    at verifyCategoryFilterBy (webpack://newapp/./cypress/tests/components/HomePageCategoryTest.ts:13:7)\n    at Context.eval (webpack://newapp/./cypress/tests/components/HomePageCategoryTest.ts:40:8)\n\nFrom Node.js Internals:\n    at <unknown> (      RequestError: Error: connect ETIMEDOUT 2404:6800:4005:812::2013:443)\n    at new r (<embedded>:227:441460)\n    at ee.callback (<embedded>:227:447461)\n    at e.callback.s.callback [as _callback] (<embedded>:227:446907)\n    at s._callback.s.callback.s.callback (<embedded>:290:105750)\n    at ee.emit (node:events:518:28)\n    at ee.onRequestError (<embedded>:290:114692)\n    at ClientRequest.emit (node:events:530:35)\n    at emitErrorEvent (node:_http_client:101:11)\n    at TLSSocket.socketErrorListener (node:_http_client:504:5)\n    at TLSSocket.emit (node:events:518:28)\n    at emitErrorNT (node:internal/streams/destroy:169:8)\n    at emitErrorCloseNT (node:internal/streams/destroy:128:3)\n    at process.processTicksAndRejections (node:internal/process/task_queues:82:21)",
                "diff": null
              },
              "uuid": "d7ef4886-0d0e-4809-ba4e-e79256cb9b43",
              "parentUUID": "212b0437-6732-4a06-89ce-8811ca19ec6d",
              "isHook": false,
              "skipped": false
            },
            {
              "title": "test notebook cate",
              "fullTitle": "homepage category component test test notebook cate",
              "timedOut": null,
              "duration": 65274,
              "state": "failed",
              "speed": null,
              "pass": false,
              "fail": true,
              "pending": false,
              "context": null,
              "code": "verifyCategoryFilterBy(product);",
              "err": {
                "message": "CypressError: `cy.request()` failed trying to load:\n\nhttps://api.demoblaze.com/bycat\n\nWe attempted to make an http request to this URL but the request failed without a response.\n\nWe received this error at the network level:\n\n  > Error: connect ETIMEDOUT 2404:6800:4005:812::2013:443\n\n-----------------------------------------------------------\n\nThe request we sent was:\n\nMethod: POST\nURL: https://api.demoblaze.com/bycat\n\n-----------------------------------------------------------\n\nCommon situations why this would fail:\n  - you don't have internet access\n  - you forgot to run / boot your web server\n  - your web server isn't accessible\n  - you have weird network configuration settings on your computer\n\nhttps://on.cypress.io/request",
                "estack": "CypressError: `cy.request()` failed trying to load:\n\nhttps://api.demoblaze.com/bycat\n\nWe attempted to make an http request to this URL but the request failed without a response.\n\nWe received this error at the network level:\n\n    at <unknown> (  > Error: connect ETIMEDOUT 2404:6800:4005:812::2013:443)\n\n-----------------------------------------------------------\n\nThe request we sent was:\n\nMethod: POST\nURL: https://api.demoblaze.com/bycat\n\n-----------------------------------------------------------\n\nCommon situations why this would fail:\n- you don't have internet access\n- you forgot to run / boot your web server\n- your web server isn't accessible\n- you have weird network configuration settings on your computer\n    at <unknown> (https://demoblaze.com/__cypress/runner/cypress_runner.js:135043:70)\n    at tryCatcher (https://demoblaze.com/__cypress/runner/cypress_runner.js:1777:23)\n    at <unknown> (https://demoblaze.com/__cypress/runner/cypress_runner.js:4173:37)\n    at tryCatcher (https://demoblaze.com/__cypress/runner/cypress_runner.js:1777:23)\n    at Promise._settlePromiseFromHandler (https://demoblaze.com/__cypress/runner/cypress_runner.js:1489:31)\n    at Promise._settlePromise (https://demoblaze.com/__cypress/runner/cypress_runner.js:1546:18)\n    at Promise._settlePromise0 (https://demoblaze.com/__cypress/runner/cypress_runner.js:1591:10)\n    at Promise._settlePromises (https://demoblaze.com/__cypress/runner/cypress_runner.js:1667:18)\n    at _drainQueueStep (https://demoblaze.com/__cypress/runner/cypress_runner.js:2377:12)\n    at _drainQueue (https://demoblaze.com/__cypress/runner/cypress_runner.js:2370:9)\n    at Async._drainQueues (https://demoblaze.com/__cypress/runner/cypress_runner.js:2386:5)\n    at Async.drainQueues (https://demoblaze.com/__cypress/runner/cypress_runner.js:2256:14)\nFrom Your Spec Code:\n    at verifyCategoryFilterBy (webpack://newapp/./cypress/tests/components/HomePageCategoryTest.ts:13:7)\n    at Context.eval (webpack://newapp/./cypress/tests/components/HomePageCategoryTest.ts:40:8)\n\nFrom Node.js Internals:\n    at <unknown> (      RequestError: Error: connect ETIMEDOUT 2404:6800:4005:812::2013:443)\n    at new r (<embedded>:227:441460)\n    at ee.callback (<embedded>:227:447461)\n    at e.callback.s.callback [as _callback] (<embedded>:227:446907)\n    at s._callback.s.callback.s.callback (<embedded>:290:105750)\n    at ee.emit (node:events:518:28)\n    at ee.onRequestError (<embedded>:290:114692)\n    at ClientRequest.emit (node:events:530:35)\n    at emitErrorEvent (node:_http_client:101:11)\n    at TLSSocket.socketErrorListener (node:_http_client:504:5)\n    at TLSSocket.emit (node:events:518:28)\n    at emitErrorNT (node:internal/streams/destroy:169:8)\n    at emitErrorCloseNT (node:internal/streams/destroy:128:3)\n    at process.processTicksAndRejections (node:internal/process/task_queues:82:21)",
                "diff": null
              },
              "uuid": "b7c4a22f-fe61-4226-b591-faca3d9a2904",
              "parentUUID": "212b0437-6732-4a06-89ce-8811ca19ec6d",
              "isHook": false,
              "skipped": false
            },
            {
              "title": "test monitor cate",
              "fullTitle": "homepage category component test test monitor cate",
              "timedOut": null,
              "duration": 65551,
              "state": "failed",
              "speed": null,
              "pass": false,
              "fail": true,
              "pending": false,
              "context": null,
              "code": "verifyCategoryFilterBy(product);",
              "err": {
                "message": "CypressError: `cy.request()` failed trying to load:\n\nhttps://api.demoblaze.com/bycat\n\nWe attempted to make an http request to this URL but the request failed without a response.\n\nWe received this error at the network level:\n\n  > Error: connect ETIMEDOUT 2404:6800:4005:812::2013:443\n\n-----------------------------------------------------------\n\nThe request we sent was:\n\nMethod: POST\nURL: https://api.demoblaze.com/bycat\n\n-----------------------------------------------------------\n\nCommon situations why this would fail:\n  - you don't have internet access\n  - you forgot to run / boot your web server\n  - your web server isn't accessible\n  - you have weird network configuration settings on your computer\n\nhttps://on.cypress.io/request",
                "estack": "CypressError: `cy.request()` failed trying to load:\n\nhttps://api.demoblaze.com/bycat\n\nWe attempted to make an http request to this URL but the request failed without a response.\n\nWe received this error at the network level:\n\n    at <unknown> (  > Error: connect ETIMEDOUT 2404:6800:4005:812::2013:443)\n\n-----------------------------------------------------------\n\nThe request we sent was:\n\nMethod: POST\nURL: https://api.demoblaze.com/bycat\n\n-----------------------------------------------------------\n\nCommon situations why this would fail:\n- you don't have internet access\n- you forgot to run / boot your web server\n- your web server isn't accessible\n- you have weird network configuration settings on your computer\n    at <unknown> (https://demoblaze.com/__cypress/runner/cypress_runner.js:135043:70)\n    at tryCatcher (https://demoblaze.com/__cypress/runner/cypress_runner.js:1777:23)\n    at <unknown> (https://demoblaze.com/__cypress/runner/cypress_runner.js:4173:37)\n    at tryCatcher (https://demoblaze.com/__cypress/runner/cypress_runner.js:1777:23)\n    at Promise._settlePromiseFromHandler (https://demoblaze.com/__cypress/runner/cypress_runner.js:1489:31)\n    at Promise._settlePromise (https://demoblaze.com/__cypress/runner/cypress_runner.js:1546:18)\n    at Promise._settlePromise0 (https://demoblaze.com/__cypress/runner/cypress_runner.js:1591:10)\n    at Promise._settlePromises (https://demoblaze.com/__cypress/runner/cypress_runner.js:1667:18)\n    at _drainQueueStep (https://demoblaze.com/__cypress/runner/cypress_runner.js:2377:12)\n    at _drainQueue (https://demoblaze.com/__cypress/runner/cypress_runner.js:2370:9)\n    at Async._drainQueues (https://demoblaze.com/__cypress/runner/cypress_runner.js:2386:5)\n    at Async.drainQueues (https://demoblaze.com/__cypress/runner/cypress_runner.js:2256:14)\nFrom Your Spec Code:\n    at verifyCategoryFilterBy (webpack://newapp/./cypress/tests/components/HomePageCategoryTest.ts:13:7)\n    at Context.eval (webpack://newapp/./cypress/tests/components/HomePageCategoryTest.ts:40:8)\n\nFrom Node.js Internals:\n    at <unknown> (      RequestError: Error: connect ETIMEDOUT 2404:6800:4005:812::2013:443)\n    at new r (<embedded>:227:441460)\n    at ee.callback (<embedded>:227:447461)\n    at e.callback.s.callback [as _callback] (<embedded>:227:446907)\n    at s._callback.s.callback.s.callback (<embedded>:290:105750)\n    at ee.emit (node:events:518:28)\n    at ee.onRequestError (<embedded>:290:114692)\n    at ClientRequest.emit (node:events:530:35)\n    at emitErrorEvent (node:_http_client:101:11)\n    at TLSSocket.socketErrorListener (node:_http_client:504:5)\n    at TLSSocket.emit (node:events:518:28)\n    at emitErrorNT (node:internal/streams/destroy:169:8)\n    at emitErrorCloseNT (node:internal/streams/destroy:128:3)\n    at process.processTicksAndRejections (node:internal/process/task_queues:82:21)",
                "diff": null
              },
              "uuid": "88ac0af6-34f6-42a6-bf06-879ede6178ba",
              "parentUUID": "212b0437-6732-4a06-89ce-8811ca19ec6d",
              "isHook": false,
              "skipped": false
            }
          ],
          "suites": [],
          "passes": [],
          "failures": [
            "d7ef4886-0d0e-4809-ba4e-e79256cb9b43",
            "b7c4a22f-fe61-4226-b591-faca3d9a2904",
            "88ac0af6-34f6-42a6-bf06-879ede6178ba"
          ],
          "pending": [],
          "skipped": [],
          "duration": 196089,
          "root": false,
          "rootEmpty": false,
          "_timeout": 2000
        }
      ],
      "passes": [],
      "failures": [],
      "pending": [],
      "skipped": [],
      "duration": 0,
      "root": true,
      "rootEmpty": true,
      "_timeout": 2000
    }
  ],
  "meta": {
    "mocha": {
      "version": "7.2.0"
    },
    "mochawesome": {
      "options": {
        "quiet": false,
        "reportFilename": "mochawesome",
        "saveHtml": false,
        "saveJson": true,
        "consoleReporter": "spec",
        "useInlineDiffs": false,
        "code": true
      },
      "version": "7.1.3"
    },
    "marge": {
      "options": {
        "reportDir": "cypress/results",
        "overwrite": false,
        "html": false,
        "json": true
      },
      "version": "6.2.0"
    }
  }
}