{
  "stats": {
    "suites": 1,
    "tests": 2,
    "passes": 2,
    "pending": 0,
    "failures": 0,
    "start": "2025-04-22T01:15:00.046Z",
    "end": "2025-04-22T01:15:02.166Z",
    "duration": 2120,
    "testsRegistered": 2,
    "passPercent": 100,
    "pendingPercent": 0,
    "other": 0,
    "hasOther": false,
    "skipped": 0,
    "hasSkipped": false
  },
  "results": [
    {
      "uuid": "456640c4-ff2d-4667-bf25-288873e6b497",
      "title": "",
      "fullFile": "cypress\\tests\\components\\FooterTest.ts",
      "file": "cypress\\tests\\components\\FooterTest.ts",
      "beforeHooks": [],
      "afterHooks": [],
      "tests": [],
      "suites": [
        {
          "uuid": "dcfc564e-51be-473a-bd5e-a1609337265d",
          "title": "footer component test",
          "fullFile": "",
          "file": "",
          "beforeHooks": [],
          "afterHooks": [],
          "tests": [
            {
              "title": "test about us",
              "fullTitle": "footer component test test about us",
              "timedOut": null,
              "duration": 1617,
              "state": "passed",
              "speed": "fast",
              "pass": true,
              "fail": false,
              "pending": false,
              "context": null,
              "code": "var expectedData = {\n    header: \"About Us\",\n    desc: \"We believe performance needs to be validated at every stage of the software development cycle and our open source compatible, massively scalable platform makes that a reality.\",\n};\nfooterComp.getAboutUsData().then(function (actualData) {\n    expect(actualData).to.deep.eq(expectedData);\n});",
              "err": {},
              "uuid": "4660d514-b361-4133-b2bc-59310b93af35",
              "parentUUID": "dcfc564e-51be-473a-bd5e-a1609337265d",
              "isHook": false,
              "skipped": false
            },
            {
              "title": "test contact us",
              "fullTitle": "footer component test test contact us",
              "timedOut": null,
              "duration": 374,
              "state": "passed",
              "speed": "fast",
              "pass": true,
              "fail": false,
              "pending": false,
              "context": null,
              "code": "var expectedData = { header: \"Get in Touch\",\n    Address: \"2390 El Camino Real\",\n    Phone: \"+440 123456\",\n    Email: \"demo@blazemeter.com\" };\nfooterComp.getContactUsData().then(function (actualData) {\n    expect(actualData.header).to.eq(expectedData.header);\n});",
              "err": {},
              "uuid": "48b1aa9c-a2c2-4ae0-8bd0-9c5ec91c5d07",
              "parentUUID": "dcfc564e-51be-473a-bd5e-a1609337265d",
              "isHook": false,
              "skipped": false
            }
          ],
          "suites": [],
          "passes": [
            "4660d514-b361-4133-b2bc-59310b93af35",
            "48b1aa9c-a2c2-4ae0-8bd0-9c5ec91c5d07"
          ],
          "failures": [],
          "pending": [],
          "skipped": [],
          "duration": 1991,
          "root": false,
          "rootEmpty": false,
          "_timeout": 2000
        }
      ],
      "passes": [],
      "failures": [],
      "pending": [],
      "skipped": [],
      "duration": 0,
      "root": true,
      "rootEmpty": true,
      "_timeout": 2000
    }
  ],
  "meta": {
    "mocha": {
      "version": "7.2.0"
    },
    "mochawesome": {
      "options": {
        "quiet": false,
        "reportFilename": "mochawesome",
        "saveHtml": false,
        "saveJson": true,
        "consoleReporter": "spec",
        "useInlineDiffs": false,
        "code": true
      },
      "version": "7.1.3"
    },
    "marge": {
      "options": {
        "reportDir": "cypress/results",
        "overwrite": false,
        "html": false,
        "json": true
      },
      "version": "6.2.0"
    }
  }
}