{
  "stats": {
    "suites": 1,
    "tests": 2,
    "passes": 2,
    "pending": 0,
    "failures": 0,
    "start": "2025-04-22T01:15:04.079Z",
    "end": "2025-04-22T01:15:05.735Z",
    "duration": 1656,
    "testsRegistered": 2,
    "passPercent": 100,
    "pendingPercent": 0,
    "other": 0,
    "hasOther": false,
    "skipped": 0,
    "hasSkipped": false
  },
  "results": [
    {
      "uuid": "4abca801-70f9-4af0-ac7e-7070f63150e8",
      "title": "",
      "fullFile": "cypress\\tests\\components\\HeaderTest.ts",
      "file": "cypress\\tests\\components\\HeaderTest.ts",
      "beforeHooks": [],
      "afterHooks": [],
      "tests": [],
      "suites": [
        {
          "uuid": "064714f2-964c-4d06-89e4-e66ef87b110c",
          "title": "header component test",
          "fullFile": "",
          "file": "",
          "beforeHooks": [],
          "afterHooks": [],
          "tests": [
            {
              "title": "test logo",
              "fullTitle": "header component test test logo",
              "timedOut": null,
              "duration": 1297,
              "state": "passed",
              "speed": "fast",
              "pass": true,
              "fail": false,
              "pending": false,
              "context": null,
              "code": "headerComp.brandLogoImg().should(\"be.visible\");\nheaderComp.brandLogo().should(\"contain.text\", \"\");",
              "err": {},
              "uuid": "ad3d4b93-80ee-4c98-9fe2-4fcce7cdf15f",
              "parentUUID": "064714f2-964c-4d06-89e4-e66ef87b110c",
              "isHook": false,
              "skipped": false
            },
            {
              "title": "test for header menu details",
              "fullTitle": "header component test test for header menu details",
              "timedOut": null,
              "duration": 220,
              "state": "passed",
              "speed": "fast",
              "pass": true,
              "fail": false,
              "pending": false,
              "context": null,
              "code": "var expectedMenuDetails = [\n    { text: \"Home (current)\", href: \"index.html\" },\n    { text: \"Contact\", href: \"#\" },\n    { text: \"About us\", href: \"#\" },\n    { text: \"Cart\", href: \"cart.html\" },\n    { text: \"Log in\", href: \"#\" },\n    { text: \"Sign up\", href: \"#\" },\n];\nheaderComp.getMenuDetails().then(function (actualMenuDetailsData) {\n    cy.wrap(\"\").then(function () {\n        expect(actualMenuDetailsData).to.be.deep.eq(expectedMenuDetails);\n    });\n    /*  cy.log(JSON.stringify(actualMenuDetailsData)); */\n});",
              "err": {},
              "uuid": "ca72e2e3-87b6-4d53-b762-6d4ee75debf1",
              "parentUUID": "064714f2-964c-4d06-89e4-e66ef87b110c",
              "isHook": false,
              "skipped": false
            }
          ],
          "suites": [],
          "passes": [
            "ad3d4b93-80ee-4c98-9fe2-4fcce7cdf15f",
            "ca72e2e3-87b6-4d53-b762-6d4ee75debf1"
          ],
          "failures": [],
          "pending": [],
          "skipped": [],
          "duration": 1517,
          "root": false,
          "rootEmpty": false,
          "_timeout": 2000
        }
      ],
      "passes": [],
      "failures": [],
      "pending": [],
      "skipped": [],
      "duration": 0,
      "root": true,
      "rootEmpty": true,
      "_timeout": 2000
    }
  ],
  "meta": {
    "mocha": {
      "version": "7.2.0"
    },
    "mochawesome": {
      "options": {
        "quiet": false,
        "reportFilename": "mochawesome",
        "saveHtml": false,
        "saveJson": true,
        "consoleReporter": "spec",
        "useInlineDiffs": false,
        "code": true
      },
      "version": "7.1.3"
    },
    "marge": {
      "options": {
        "reportDir": "cypress/results",
        "overwrite": false,
        "html": false,
        "json": true
      },
      "version": "6.2.0"
    }
  }
}