{
  "stats": {
    "suites": 1,
    "tests": 1,
    "passes": 1,
    "pending": 0,
    "failures": 0,
    "start": "2025-04-22T01:19:00.431Z",
    "end": "2025-04-22T01:19:05.097Z",
    "duration": 4666,
    "testsRegistered": 1,
    "passPercent": 100,
    "pendingPercent": 0,
    "other": 0,
    "hasOther": false,
    "skipped": 0,
    "hasSkipped": false
  },
  "results": [
    {
      "uuid": "416dd4da-e804-4513-8cd2-ff0eda005558",
      "title": "",
      "fullFile": "cypress\\tests\\backup\\spec2.cy.ts",
      "file": "cypress\\tests\\backup\\spec2.cy.ts",
      "beforeHooks": [],
      "afterHooks": [],
      "tests": [],
      "suites": [
        {
          "uuid": "da493263-ae20-4723-997e-39577bdf6a19",
          "title": "template spec",
          "fullFile": "",
          "file": "",
          "beforeHooks": [],
          "afterHooks": [],
          "tests": [
            {
              "title": "passes",
              "fullTitle": "template spec passes",
              "timedOut": null,
              "duration": 2793,
              "state": "passed",
              "speed": "fast",
              "pass": true,
              "fail": false,
              "pending": false,
              "context": null,
              "code": "cy.visit(\"https://the-internet.herokuapp.com/\");\ncy.get(\"a[href='/login'\").click();\ncy.location(\"pathname\", { timeout: 1000 }).should(\"eq\", \"/login\");",
              "err": {},
              "uuid": "2ca768f0-9cef-4081-acdd-b1ec44aab43c",
              "parentUUID": "da493263-ae20-4723-997e-39577bdf6a19",
              "isHook": false,
              "skipped": false
            }
          ],
          "suites": [],
          "passes": [
            "2ca768f0-9cef-4081-acdd-b1ec44aab43c"
          ],
          "failures": [],
          "pending": [],
          "skipped": [],
          "duration": 2793,
          "root": false,
          "rootEmpty": false,
          "_timeout": 2000
        }
      ],
      "passes": [],
      "failures": [],
      "pending": [],
      "skipped": [],
      "duration": 0,
      "root": true,
      "rootEmpty": true,
      "_timeout": 2000
    }
  ],
  "meta": {
    "mocha": {
      "version": "7.2.0"
    },
    "mochawesome": {
      "options": {
        "quiet": false,
        "reportFilename": "mochawesome",
        "saveHtml": false,
        "saveJson": true,
        "consoleReporter": "spec",
        "useInlineDiffs": false,
        "code": true
      },
      "version": "7.1.3"
    },
    "marge": {
      "options": {
        "reportDir": "cypress/results",
        "overwrite": false,
        "html": false,
        "json": true
      },
      "version": "6.2.0"
    }
  }
}