{
  "stats": {
    "suites": 1,
    "tests": 1,
    "passes": 0,
    "pending": 0,
    "failures": 1,
    "start": "2025-04-22T01:19:51.073Z",
    "end": "2025-04-22T01:20:14.059Z",
    "duration": 22986,
    "testsRegistered": 1,
    "passPercent": 0,
    "pendingPercent": 0,
    "other": 0,
    "hasOther": false,
    "skipped": 0,
    "hasSkipped": false
  },
  "results": [
    {
      "uuid": "3cafee1c-b004-459e-89d5-9815b85f21ec",
      "title": "",
      "fullFile": "cypress\\tests\\backup\\specDemoBlazeBeforeTest.cy.ts",
      "file": "cypress\\tests\\backup\\specDemoBlazeBeforeTest.cy.ts",
      "beforeHooks": [],
      "afterHooks": [],
      "tests": [],
      "suites": [
        {
          "uuid": "0400696d-9ca7-4c8d-836f-2b6fdf7fbd97",
          "title": "Blaze homepage test before",
          "fullFile": "",
          "file": "",
          "beforeHooks": [],
          "afterHooks": [],
          "tests": [
            {
              "title": "balze test card",
              "fullTitle": "Blaze homepage test before balze test card",
              "timedOut": null,
              "duration": 22929,
              "state": "failed",
              "speed": null,
              "pass": false,
              "fail": true,
              "pending": false,
              "context": null,
              "code": "var apiItem = apiProduct.map(function (item) {\n    return {\n        itemName: item.title.replace(\"\\n\", \"\"),\n        itemPrice: \"$\".concat(item.price),\n    };\n});\nnew DemoBlazePage_1.default().getAllCardData().then(function (allCardData) {\n    cy.wrap(\"\").then(function () {\n        expect(allCardData).to.have.deep.eq(apiItem);\n    });\n});",
              "err": {
                "message": "TypeError: Cannot read properties of undefined (reading 'body')\n\nBecause this error occurred during a `before all` hook we are skipping the remaining tests in the current suite: `Blaze homepage test before`",
                "estack": "TypeError: Cannot read properties of undefined (reading 'body')\n\nBecause this error occurred during a `before all` hook we are skipping the remaining tests in the current suite: `Blaze homepage test before`\n    at Context.eval (webpack://newapp/./cypress/support/HomePageAPI.ts:6:36)\n    at getRet (https://demoblaze.com/__cypress/runner/cypress_runner.js:119652:20)\n    at tryCatcher (https://demoblaze.com/__cypress/runner/cypress_runner.js:1777:23)\n    at Promise.attempt.Promise.try (https://demoblaze.com/__cypress/runner/cypress_runner.js:4285:29)\n    at Context.thenFn (https://demoblaze.com/__cypress/runner/cypress_runner.js:119663:66)\n    at Context.then (https://demoblaze.com/__cypress/runner/cypress_runner.js:119914:21)\n    at wrapped (https://demoblaze.com/__cypress/runner/cypress_runner.js:140191:19)\n    at <unknown> (https://demoblaze.com/__cypress/runner/cypress_runner.js:146136:15)\n    at tryCatcher (https://demoblaze.com/__cypress/runner/cypress_runner.js:1777:23)",
                "diff": null
              },
              "uuid": "3434ed7b-19da-4ab7-850f-fd98b719a60b",
              "parentUUID": "0400696d-9ca7-4c8d-836f-2b6fdf7fbd97",
              "isHook": false,
              "skipped": false
            }
          ],
          "suites": [],
          "passes": [],
          "failures": [
            "3434ed7b-19da-4ab7-850f-fd98b719a60b"
          ],
          "pending": [],
          "skipped": [],
          "duration": 22929,
          "root": false,
          "rootEmpty": false,
          "_timeout": 2000
        }
      ],
      "passes": [],
      "failures": [],
      "pending": [],
      "skipped": [],
      "duration": 0,
      "root": true,
      "rootEmpty": true,
      "_timeout": 2000
    }
  ],
  "meta": {
    "mocha": {
      "version": "7.2.0"
    },
    "mochawesome": {
      "options": {
        "quiet": false,
        "reportFilename": "mochawesome",
        "saveHtml": false,
        "saveJson": true,
        "consoleReporter": "spec",
        "useInlineDiffs": false,
        "code": true
      },
      "version": "7.1.3"
    },
    "marge": {
      "options": {
        "reportDir": "cypress/results",
        "overwrite": false,
        "html": false,
        "json": true
      },
      "version": "6.2.0"
    }
  }
}