{
  "stats": {
    "suites": 1,
    "tests": 1,
    "passes": 1,
    "pending": 0,
    "failures": 0,
    "start": "2025-04-22T01:20:21.694Z",
    "end": "2025-04-22T01:20:24.721Z",
    "duration": 3027,
    "testsRegistered": 1,
    "passPercent": 100,
    "pendingPercent": 0,
    "other": 0,
    "hasOther": false,
    "skipped": 0,
    "hasSkipped": false
  },
  "results": [
    {
      "uuid": "4d584aad-c955-49e8-9498-3647e7b02379",
      "title": "",
      "fullFile": "cypress\\tests\\backup\\specWithinAndFindMethod.cy.ts",
      "file": "cypress\\tests\\backup\\specWithinAndFindMethod.cy.ts",
      "beforeHooks": [],
      "afterHooks": [],
      "tests": [],
      "suites": [
        {
          "uuid": "ee62916c-f9a2-4d0f-9db4-3a70a5872b23",
          "title": "Within test and find",
          "fullFile": "",
          "file": "",
          "beforeHooks": [],
          "afterHooks": [],
          "tests": [
            {
              "title": "find method",
              "fullTitle": "Within test and find find method",
              "timedOut": null,
              "duration": 990,
              "state": "passed",
              "speed": "fast",
              "pass": true,
              "fail": false,
              "pending": false,
              "context": null,
              "code": "cy.visit(\"https://www.simplyrecipes.com/\");\ncy.get('.showcase__hero').find('.card__title').each(function (title, index) {\n    cy.log(index);\n});",
              "err": {},
              "uuid": "e9da0446-2326-4102-8e6f-f3c34018817e",
              "parentUUID": "ee62916c-f9a2-4d0f-9db4-3a70a5872b23",
              "isHook": false,
              "skipped": false
            }
          ],
          "suites": [],
          "passes": [
            "e9da0446-2326-4102-8e6f-f3c34018817e"
          ],
          "failures": [],
          "pending": [],
          "skipped": [],
          "duration": 990,
          "root": false,
          "rootEmpty": false,
          "_timeout": 2000
        }
      ],
      "passes": [],
      "failures": [],
      "pending": [],
      "skipped": [],
      "duration": 0,
      "root": true,
      "rootEmpty": true,
      "_timeout": 2000
    }
  ],
  "meta": {
    "mocha": {
      "version": "7.2.0"
    },
    "mochawesome": {
      "options": {
        "quiet": false,
        "reportFilename": "mochawesome",
        "saveHtml": false,
        "saveJson": true,
        "consoleReporter": "spec",
        "useInlineDiffs": false,
        "code": true
      },
      "version": "7.1.3"
    },
    "marge": {
      "options": {
        "reportDir": "cypress/results",
        "overwrite": false,
        "html": false,
        "json": true
      },
      "version": "6.2.0"
    }
  }
}