{
  "stats": {
    "suites": 1,
    "tests": 2,
    "passes": 2,
    "pending": 0,
    "failures": 0,
    "start": "2025-04-22T01:20:58.053Z",
    "end": "2025-04-22T01:21:02.849Z",
    "duration": 4796,
    "testsRegistered": 2,
    "passPercent": 100,
    "pendingPercent": 0,
    "other": 0,
    "hasOther": false,
    "skipped": 0,
    "hasSkipped": false
  },
  "results": [
    {
      "uuid": "c549c5b5-d50a-4c90-b604-3c1aa1c92b05",
      "title": "",
      "fullFile": "cypress\\tests\\authen\\LoginTest.cy.ts",
      "file": "cypress\\tests\\authen\\LoginTest.cy.ts",
      "beforeHooks": [],
      "afterHooks": [],
      "tests": [],
      "suites": [
        {
          "uuid": "65c0dacb-8530-4591-b00b-e7aa76d2da57",
          "title": "login test ",
          "fullFile": "",
          "file": "",
          "beforeHooks": [],
          "afterHooks": [],
          "tests": [
            {
              "title": "test login credential",
              "fullTitle": "login test  test login credential",
              "timedOut": null,
              "duration": 3390,
              "state": "passed",
              "speed": "fast",
              "pass": true,
              "fail": false,
              "pending": false,
              "context": null,
              "code": "var username = LOGIN_CREDS.username, password = LOGIN_CREDS.password;\nlogin(username, password);\nloginComp.getLoggedUsername().should('be.visible');\nloginComp.getLoggedUsername().should('contain.text', \"Welcome \".concat(LOGIN_CREDS.username));",
              "err": {},
              "uuid": "8c6eb028-4774-402b-8e62-5e310e46397a",
              "parentUUID": "65c0dacb-8530-4591-b00b-e7aa76d2da57",
              "isHook": false,
              "skipped": false
            },
            {
              "title": "should be able to see wrong pass",
              "fullTitle": "login test  should be able to see wrong pass",
              "timedOut": null,
              "duration": 1292,
              "state": "passed",
              "speed": "fast",
              "pass": true,
              "fail": false,
              "pending": false,
              "context": null,
              "code": "var username = LOGIN_CREDS.username, password = LOGIN_CREDS.password;\nlogin(username, \"\".concat(password, \"_qwdqw\"));\ncy.on('window:alert', function (alert) {\n    expect(alert).to.contains(\"Wrong password\");\n});",
              "err": {},
              "uuid": "a1cb5e52-616a-4567-9f32-d02e1d4f53e1",
              "parentUUID": "65c0dacb-8530-4591-b00b-e7aa76d2da57",
              "isHook": false,
              "skipped": false
            }
          ],
          "suites": [],
          "passes": [
            "8c6eb028-4774-402b-8e62-5e310e46397a",
            "a1cb5e52-616a-4567-9f32-d02e1d4f53e1"
          ],
          "failures": [],
          "pending": [],
          "skipped": [],
          "duration": 4682,
          "root": false,
          "rootEmpty": false,
          "_timeout": 2000
        }
      ],
      "passes": [],
      "failures": [],
      "pending": [],
      "skipped": [],
      "duration": 0,
      "root": true,
      "rootEmpty": true,
      "_timeout": 2000
    }
  ],
  "meta": {
    "mocha": {
      "version": "7.2.0"
    },
    "mochawesome": {
      "options": {
        "quiet": false,
        "reportFilename": "mochawesome",
        "saveHtml": false,
        "saveJson": true,
        "consoleReporter": "spec",
        "useInlineDiffs": false,
        "code": true
      },
      "version": "7.1.3"
    },
    "marge": {
      "options": {
        "reportDir": "cypress/results",
        "overwrite": false,
        "html": false,
        "json": true
      },
      "version": "6.2.0"
    }
  }
}