{
  "stats": {
    "suites": 1,
    "tests": 2,
    "passes": 2,
    "pending": 0,
    "failures": 0,
    "start": "2025-04-22T01:20:33.428Z",
    "end": "2025-04-22T01:20:36.235Z",
    "duration": 2807,
    "testsRegistered": 2,
    "passPercent": 100,
    "pendingPercent": 0,
    "other": 0,
    "hasOther": false,
    "skipped": 0,
    "hasSkipped": false
  },
  "results": [
    {
      "uuid": "286c3a6c-8c97-4d91-8d3f-3713dd739c86",
      "title": "",
      "fullFile": "cypress\\tests\\signup\\SignUpTest.ts",
      "file": "cypress\\tests\\signup\\SignUpTest.ts",
      "beforeHooks": [],
      "afterHooks": [],
      "tests": [],
      "suites": [
        {
          "uuid": "c7151cd1-ce71-46cb-a5c5-eebdba35499e",
          "title": "SignUp test ",
          "fullFile": "",
          "file": "",
          "beforeHooks": [],
          "afterHooks": [],
          "tests": [
            {
              "title": "test login credential",
              "fullTitle": "SignUp test  test login credential",
              "timedOut": null,
              "duration": 1871,
              "state": "passed",
              "speed": "fast",
              "pass": true,
              "fail": false,
              "pending": false,
              "context": null,
              "code": "var username = SignUp_CREDS.username, password = SignUp_CREDS.password;\nsignup(username, password);\ncy.on('window:alert', function (alert) {\n    expect(alert).to.contains(\"Sign up successful,\");\n});",
              "err": {},
              "uuid": "30684734-b055-4e4d-867d-515fac46c72d",
              "parentUUID": "c7151cd1-ce71-46cb-a5c5-eebdba35499e",
              "isHook": false,
              "skipped": false
            },
            {
              "title": "should be able to see userexist",
              "fullTitle": "SignUp test  should be able to see userexist",
              "timedOut": null,
              "duration": 847,
              "state": "passed",
              "speed": "fast",
              "pass": true,
              "fail": false,
              "pending": false,
              "context": null,
              "code": "var password = SignUp_CREDS.password;\nsignup(\"khoa25\", \"\".concat(password, \"_qwdqw\"));\ncy.on('window:alert', function (alert) {\n    expect(alert).to.contains(\"User exist\");\n});",
              "err": {},
              "uuid": "f5bf9be1-281d-402a-a62e-950b60226fc4",
              "parentUUID": "c7151cd1-ce71-46cb-a5c5-eebdba35499e",
              "isHook": false,
              "skipped": false
            }
          ],
          "suites": [],
          "passes": [
            "30684734-b055-4e4d-867d-515fac46c72d",
            "f5bf9be1-281d-402a-a62e-950b60226fc4"
          ],
          "failures": [],
          "pending": [],
          "skipped": [],
          "duration": 2718,
          "root": false,
          "rootEmpty": false,
          "_timeout": 2000
        }
      ],
      "passes": [],
      "failures": [],
      "pending": [],
      "skipped": [],
      "duration": 0,
      "root": true,
      "rootEmpty": true,
      "_timeout": 2000
    }
  ],
  "meta": {
    "mocha": {
      "version": "7.2.0"
    },
    "mochawesome": {
      "options": {
        "quiet": false,
        "reportFilename": "mochawesome",
        "saveHtml": false,
        "saveJson": true,
        "consoleReporter": "spec",
        "useInlineDiffs": false,
        "code": true
      },
      "version": "7.1.3"
    },
    "marge": {
      "options": {
        "reportDir": "cypress/results",
        "overwrite": false,
        "html": false,
        "json": true
      },
      "version": "6.2.0"
    }
  }
}