{
  "stats": {
    "suites": 1,
    "tests": 1,
    "passes": 0,
    "pending": 0,
    "failures": 1,
    "start": "2025-04-22T01:18:26.294Z",
    "end": "2025-04-22T01:18:49.239Z",
    "duration": 22945,
    "testsRegistered": 1,
    "passPercent": 0,
    "pendingPercent": 0,
    "other": 0,
    "hasOther": false,
    "skipped": 0,
    "hasSkipped": false
  },
  "results": [
    {
      "uuid": "f096d2c9-dc67-4560-bda3-9c9892653f12",
      "title": "",
      "fullFile": "cypress\\tests\\components\\ProductDetailTest.ts",
      "file": "cypress\\tests\\components\\ProductDetailTest.ts",
      "beforeHooks": [],
      "afterHooks": [],
      "tests": [],
      "suites": [
        {
          "uuid": "7b003050-e0fe-47fd-91dd-7d207689b7d4",
          "title": "Product detail test ",
          "fullFile": "",
          "file": "",
          "beforeHooks": [],
          "afterHooks": [],
          "tests": [
            {
              "title": "test product detail",
              "fullTitle": "Product detail test  test product detail",
              "timedOut": null,
              "duration": 22889,
              "state": "failed",
              "speed": null,
              "pass": false,
              "fail": true,
              "pending": false,
              "context": null,
              "code": "HomePageAPI_1.HomePageAPI.getHomePageProducts().then(function (apiproduct) {\n    var randomProduct = apiproduct[Math.floor(Math.random() * apiproduct.length)];\n    var randomProductTitle = randomProduct.title.trim().replace(\"\\n\", \"\");\n    cy.contains(randomProductTitle).click();\n    /*  cy.wait(2000); */\n    var productDetails = new ProductDetailComponent_1.default();\n    productDetails.getProductName().should('contain', randomProductTitle);\n    productDetails.getProductPrice().should('contain.text', randomProduct.price);\n});",
              "err": {
                "message": "TypeError: Cannot read properties of undefined (reading 'body')",
                "estack": "TypeError: Cannot read properties of undefined (reading 'body')\n    at Context.eval (webpack://newapp/./cypress/support/HomePageAPI.ts:6:36)\n    at getRet (https://demoblaze.com/__cypress/runner/cypress_runner.js:119652:20)\n    at tryCatcher (https://demoblaze.com/__cypress/runner/cypress_runner.js:1777:23)\n    at Promise.attempt.Promise.try (https://demoblaze.com/__cypress/runner/cypress_runner.js:4285:29)\n    at Context.thenFn (https://demoblaze.com/__cypress/runner/cypress_runner.js:119663:66)\n    at Context.then (https://demoblaze.com/__cypress/runner/cypress_runner.js:119914:21)\n    at wrapped (https://demoblaze.com/__cypress/runner/cypress_runner.js:140191:19)\n    at <unknown> (https://demoblaze.com/__cypress/runner/cypress_runner.js:146136:15)\n    at tryCatcher (https://demoblaze.com/__cypress/runner/cypress_runner.js:1777:23)",
                "diff": null
              },
              "uuid": "6177a7e2-dc66-4629-a2bb-6cb0e4ed5357",
              "parentUUID": "7b003050-e0fe-47fd-91dd-7d207689b7d4",
              "isHook": false,
              "skipped": false
            }
          ],
          "suites": [],
          "passes": [],
          "failures": [
            "6177a7e2-dc66-4629-a2bb-6cb0e4ed5357"
          ],
          "pending": [],
          "skipped": [],
          "duration": 22889,
          "root": false,
          "rootEmpty": false,
          "_timeout": 2000
        }
      ],
      "passes": [],
      "failures": [],
      "pending": [],
      "skipped": [],
      "duration": 0,
      "root": true,
      "rootEmpty": true,
      "_timeout": 2000
    }
  ],
  "meta": {
    "mocha": {
      "version": "7.2.0"
    },
    "mochawesome": {
      "options": {
        "quiet": false,
        "reportFilename": "mochawesome",
        "saveHtml": false,
        "saveJson": true,
        "consoleReporter": "spec",
        "useInlineDiffs": false,
        "code": true
      },
      "version": "7.1.3"
    },
    "marge": {
      "options": {
        "reportDir": "cypress/results",
        "overwrite": false,
        "html": false,
        "json": true
      },
      "version": "6.2.0"
    }
  }
}