{
  "stats": {
    "suites": 1,
    "tests": 2,
    "passes": 2,
    "pending": 0,
    "failures": 0,
    "start": "2025-04-21T03:41:00.228Z",
    "end": "2025-04-21T03:41:02.148Z",
    "duration": 1920,
    "testsRegistered": 2,
    "passPercent": 100,
    "pendingPercent": 0,
    "other": 0,
    "hasOther": false,
    "skipped": 0,
    "hasSkipped": false
  },
  "results": [
    {
      "uuid": "d6508763-8867-494c-b6c8-d48e48948ddb",
      "title": "",
      "fullFile": "cypress\\tests\\components\\FooterTest.ts",
      "file": "cypress\\tests\\components\\FooterTest.ts",
      "beforeHooks": [],
      "afterHooks": [],
      "tests": [],
      "suites": [
        {
          "uuid": "9ca50076-4ca7-4187-8e52-6259ce10a9d9",
          "title": "footer component test",
          "fullFile": "",
          "file": "",
          "beforeHooks": [],
          "afterHooks": [],
          "tests": [
            {
              "title": "test about us",
              "fullTitle": "footer component test test about us",
              "timedOut": null,
              "duration": 1453,
              "state": "passed",
              "speed": "fast",
              "pass": true,
              "fail": false,
              "pending": false,
              "context": null,
              "code": "var expectedData = {\n    header: \"About Us\",\n    desc: \"We believe performance needs to be validated at every stage of the software development cycle and our open source compatible, massively scalable platform makes that a reality.\",\n};\nfooterComp.getAboutUsData().then(function (actualData) {\n    expect(actualData).to.deep.eq(expectedData);\n});",
              "err": {},
              "uuid": "f91f1b5c-b23c-432e-977b-717b25abe108",
              "parentUUID": "9ca50076-4ca7-4187-8e52-6259ce10a9d9",
              "isHook": false,
              "skipped": false
            },
            {
              "title": "test contact us",
              "fullTitle": "footer component test test contact us",
              "timedOut": null,
              "duration": 363,
              "state": "passed",
              "speed": "fast",
              "pass": true,
              "fail": false,
              "pending": false,
              "context": null,
              "code": "var expectedData = { header: \"Get in Touch\",\n    Address: \"2390 El Camino Real\",\n    Phone: \"+440 123456\",\n    Email: \"demo@blazemeter.com\" };\nfooterComp.getContactUsData().then(function (actualData) {\n    expect(actualData.header).to.eq(expectedData.header);\n});",
              "err": {},
              "uuid": "a9ad1a43-64f7-4e94-b3d0-a72b635fcbf6",
              "parentUUID": "9ca50076-4ca7-4187-8e52-6259ce10a9d9",
              "isHook": false,
              "skipped": false
            }
          ],
          "suites": [],
          "passes": [
            "f91f1b5c-b23c-432e-977b-717b25abe108",
            "a9ad1a43-64f7-4e94-b3d0-a72b635fcbf6"
          ],
          "failures": [],
          "pending": [],
          "skipped": [],
          "duration": 1816,
          "root": false,
          "rootEmpty": false,
          "_timeout": 2000
        }
      ],
      "passes": [],
      "failures": [],
      "pending": [],
      "skipped": [],
      "duration": 0,
      "root": true,
      "rootEmpty": true,
      "_timeout": 2000
    }
  ],
  "meta": {
    "mocha": {
      "version": "7.2.0"
    },
    "mochawesome": {
      "options": {
        "quiet": false,
        "reportFilename": "mochawesome",
        "saveHtml": false,
        "saveJson": true,
        "consoleReporter": "spec",
        "useInlineDiffs": false,
        "code": true
      },
      "version": "7.1.3"
    },
    "marge": {
      "options": {
        "reportDir": "results",
        "overwrite": false,
        "html": false,
        "json": true
      },
      "version": "6.2.0"
    }
  }
}