{
  "stats": {
    "suites": 1,
    "tests": 1,
    "passes": 0,
    "pending": 0,
    "failures": 1,
    "start": "2025-04-21T03:36:46.693Z",
    "end": "2025-04-21T03:37:07.974Z",
    "duration": 21281,
    "testsRegistered": 1,
    "passPercent": 0,
    "pendingPercent": 0,
    "other": 0,
    "hasOther": false,
    "skipped": 0,
    "hasSkipped": false
  },
  "results": [
    {
      "uuid": "e6c95f51-619f-408e-83dd-2358f56e4cff",
      "title": "",
      "fullFile": "cypress\\tests\\backup\\LoginTest.cy.ts",
      "file": "cypress\\tests\\backup\\LoginTest.cy.ts",
      "beforeHooks": [],
      "afterHooks": [],
      "tests": [],
      "suites": [
        {
          "uuid": "bce96880-2c18-40be-b7b5-05b7b98044f4",
          "title": " homepage test login",
          "fullFile": "",
          "file": "",
          "beforeHooks": [],
          "afterHooks": [],
          "tests": [
            {
              "title": "login by cookie api ",
              "fullTitle": " homepage test login login by cookie api ",
              "timedOut": null,
              "duration": 21198,
              "state": "failed",
              "speed": null,
              "pass": false,
              "fail": true,
              "pending": false,
              "context": null,
              "code": "var apiItem = apiProduct.map(function (item) {\n    return {\n        itemName: item.title.replace(\"\\n\", \"\"),\n        itemPrice: \"$\".concat(item.price),\n    };\n});\nnew DemoBlazePage_1.default().getAllCardData().then(function (allCardData) {\n    cy.wrap(\"\").then(function () {\n        expect(allCardData).to.have.deep.eq(apiItem);\n    });\n});",
              "err": {
                "message": "CypressError: `cy.request()` failed trying to load:\n\nhttps://api.demoblaze.com/login\n\nWe attempted to make an http request to this URL but the request failed without a response.\n\nWe received this error at the network level:\n\n  > Error: connect ETIMEDOUT 2404:6800:4005:80b::2013:443\n\n-----------------------------------------------------------\n\nThe request we sent was:\n\nMethod: POST\nURL: https://api.demoblaze.com/login\n\n-----------------------------------------------------------\n\nCommon situations why this would fail:\n  - you don't have internet access\n  - you forgot to run / boot your web server\n  - your web server isn't accessible\n  - you have weird network configuration settings on your computer\n\nhttps://on.cypress.io/request\n\nBecause this error occurred during a `before each` hook we are skipping the remaining tests in the current suite: ` homepage test login`",
                "estack": "CypressError: `cy.request()` failed trying to load:\n\nhttps://api.demoblaze.com/login\n\nWe attempted to make an http request to this URL but the request failed without a response.\n\nWe received this error at the network level:\n\n    at <unknown> (  > Error: connect ETIMEDOUT 2404:6800:4005:80b::2013:443)\n\n-----------------------------------------------------------\n\nThe request we sent was:\n\nMethod: POST\nURL: https://api.demoblaze.com/login\n\n-----------------------------------------------------------\n\nCommon situations why this would fail:\n- you don't have internet access\n- you forgot to run / boot your web server\n- your web server isn't accessible\n- you have weird network configuration settings on your computer\n    at <unknown> (https://demoblaze.com/__cypress/runner/cypress_runner.js:135043:70)\n    at tryCatcher (https://demoblaze.com/__cypress/runner/cypress_runner.js:1777:23)\n    at <unknown> (https://demoblaze.com/__cypress/runner/cypress_runner.js:4173:37)\n    at tryCatcher (https://demoblaze.com/__cypress/runner/cypress_runner.js:1777:23)\n    at Promise._settlePromiseFromHandler (https://demoblaze.com/__cypress/runner/cypress_runner.js:1489:31)\n    at Promise._settlePromise (https://demoblaze.com/__cypress/runner/cypress_runner.js:1546:18)\n    at Promise._settlePromise0 (https://demoblaze.com/__cypress/runner/cypress_runner.js:1591:10)\n    at Promise._settlePromises (https://demoblaze.com/__cypress/runner/cypress_runner.js:1667:18)\n    at _drainQueueStep (https://demoblaze.com/__cypress/runner/cypress_runner.js:2377:12)\n    at _drainQueue (https://demoblaze.com/__cypress/runner/cypress_runner.js:2370:9)\n    at Async._drainQueues (https://demoblaze.com/__cypress/runner/cypress_runner.js:2386:5)\n    at Async.drainQueues (https://demoblaze.com/__cypress/runner/cypress_runner.js:2256:14)\nFrom Your Spec Code:\n    at Context.eval (webpack://newapp/./cypress/support/commands.ts:46:7)\n    at wrapped (https://demoblaze.com/__cypress/runner/cypress_runner.js:140183:43)\n\nFrom Node.js Internals:\n    at <unknown> (      RequestError: Error: connect ETIMEDOUT 2404:6800:4005:80b::2013:443)\n    at new r (<embedded>:227:441460)\n    at ee.callback (<embedded>:227:447461)\n    at e.callback.s.callback [as _callback] (<embedded>:227:446907)\n    at s._callback.s.callback.s.callback (<embedded>:290:105750)\n    at ee.emit (node:events:518:28)\n    at ee.onRequestError (<embedded>:290:114692)\n    at ClientRequest.emit (node:events:530:35)\n    at emitErrorEvent (node:_http_client:101:11)\n    at TLSSocket.socketErrorListener (node:_http_client:504:5)\n    at TLSSocket.emit (node:events:518:28)\n    at emitErrorNT (node:internal/streams/destroy:169:8)\n    at emitErrorCloseNT (node:internal/streams/destroy:128:3)\n    at process.processTicksAndRejections (node:internal/process/task_queues:82:21)",
                "diff": null
              },
              "uuid": "0eadccc6-7d04-4a49-9915-baa5fc554be9",
              "parentUUID": "bce96880-2c18-40be-b7b5-05b7b98044f4",
              "isHook": false,
              "skipped": false
            }
          ],
          "suites": [],
          "passes": [],
          "failures": [
            "0eadccc6-7d04-4a49-9915-baa5fc554be9"
          ],
          "pending": [],
          "skipped": [],
          "duration": 21198,
          "root": false,
          "rootEmpty": false,
          "_timeout": 2000
        }
      ],
      "passes": [],
      "failures": [],
      "pending": [],
      "skipped": [],
      "duration": 0,
      "root": true,
      "rootEmpty": true,
      "_timeout": 2000
    }
  ],
  "meta": {
    "mocha": {
      "version": "7.2.0"
    },
    "mochawesome": {
      "options": {
        "quiet": false,
        "reportFilename": "mochawesome",
        "saveHtml": false,
        "saveJson": true,
        "consoleReporter": "spec",
        "useInlineDiffs": false,
        "code": true
      },
      "version": "7.1.3"
    },
    "marge": {
      "options": {
        "reportDir": "results",
        "overwrite": false,
        "html": false,
        "json": true
      },
      "version": "6.2.0"
    }
  }
}