{
  "stats": {
    "suites": 1,
    "tests": 2,
    "passes": 2,
    "pending": 0,
    "failures": 0,
    "start": "2025-04-21T06:34:45.004Z",
    "end": "2025-04-21T06:34:50.810Z",
    "duration": 5806,
    "testsRegistered": 2,
    "passPercent": 100,
    "pendingPercent": 0,
    "other": 0,
    "hasOther": false,
    "skipped": 0,
    "hasSkipped": false
  },
  "results": [
    {
      "uuid": "eea63c27-3dc1-4b0c-ab55-39ae9fde0f30",
      "title": "",
      "fullFile": "cypress\\tests\\authen\\LoginTest.cy.ts",
      "file": "cypress\\tests\\authen\\LoginTest.cy.ts",
      "beforeHooks": [],
      "afterHooks": [],
      "tests": [],
      "suites": [
        {
          "uuid": "b50fcb0b-c262-4269-9ff7-4a3e34d634fd",
          "title": "login test ",
          "fullFile": "",
          "file": "",
          "beforeHooks": [],
          "afterHooks": [],
          "tests": [
            {
              "title": "test login credential",
              "fullTitle": "login test  test login credential",
              "timedOut": null,
              "duration": 4558,
              "state": "passed",
              "speed": "fast",
              "pass": true,
              "fail": false,
              "pending": false,
              "context": null,
              "code": "var username = LOGIN_CREDS.username, password = LOGIN_CREDS.password;\nlogin(username, password);\nloginComp.getLoggedUsername().should('be.visible');\nloginComp.getLoggedUsername().should('contain.text', \"Welcome \".concat(LOGIN_CREDS.username));",
              "err": {},
              "uuid": "cef0b67c-ffbc-45d6-ab56-ca9aaabce323",
              "parentUUID": "b50fcb0b-c262-4269-9ff7-4a3e34d634fd",
              "isHook": false,
              "skipped": false
            },
            {
              "title": "should be able to see wrong pass",
              "fullTitle": "login test  should be able to see wrong pass",
              "timedOut": null,
              "duration": 1104,
              "state": "passed",
              "speed": "fast",
              "pass": true,
              "fail": false,
              "pending": false,
              "context": null,
              "code": "var username = LOGIN_CREDS.username, password = LOGIN_CREDS.password;\nlogin(username, \"\".concat(password, \"_qwdqw\"));\ncy.on('window:alert', function (alert) {\n    expect(alert).to.contains(\"Wrong password\");\n});",
              "err": {},
              "uuid": "1d96b4c6-62ae-4bc3-90e3-f0979a08fdb2",
              "parentUUID": "b50fcb0b-c262-4269-9ff7-4a3e34d634fd",
              "isHook": false,
              "skipped": false
            }
          ],
          "suites": [],
          "passes": [
            "cef0b67c-ffbc-45d6-ab56-ca9aaabce323",
            "1d96b4c6-62ae-4bc3-90e3-f0979a08fdb2"
          ],
          "failures": [],
          "pending": [],
          "skipped": [],
          "duration": 5662,
          "root": false,
          "rootEmpty": false,
          "_timeout": 2000
        }
      ],
      "passes": [],
      "failures": [],
      "pending": [],
      "skipped": [],
      "duration": 0,
      "root": true,
      "rootEmpty": true,
      "_timeout": 2000
    }
  ],
  "meta": {
    "mocha": {
      "version": "7.2.0"
    },
    "mochawesome": {
      "options": {
        "quiet": false,
        "reportFilename": "mochawesome",
        "saveHtml": false,
        "saveJson": true,
        "consoleReporter": "spec",
        "useInlineDiffs": false,
        "code": true
      },
      "version": "7.1.3"
    },
    "marge": {
      "options": {
        "reportDir": "results",
        "overwrite": false,
        "html": false,
        "json": true
      },
      "version": "6.2.0"
    }
  }
}