{
  "stats": {
    "suites": 1,
    "tests": 2,
    "passes": 2,
    "pending": 0,
    "failures": 0,
    "start": "2025-04-21T03:41:03.621Z",
    "end": "2025-04-21T03:41:05.055Z",
    "duration": 1434,
    "testsRegistered": 2,
    "passPercent": 100,
    "pendingPercent": 0,
    "other": 0,
    "hasOther": false,
    "skipped": 0,
    "hasSkipped": false
  },
  "results": [
    {
      "uuid": "0bc904f1-6817-48f7-ac24-a64891eda547",
      "title": "",
      "fullFile": "cypress\\tests\\components\\HeaderTest.ts",
      "file": "cypress\\tests\\components\\HeaderTest.ts",
      "beforeHooks": [],
      "afterHooks": [],
      "tests": [],
      "suites": [
        {
          "uuid": "cb0bece7-c9e1-4123-830c-736109f2af06",
          "title": "header component test",
          "fullFile": "",
          "file": "",
          "beforeHooks": [],
          "afterHooks": [],
          "tests": [
            {
              "title": "test logo",
              "fullTitle": "header component test test logo",
              "timedOut": null,
              "duration": 1006,
              "state": "passed",
              "speed": "fast",
              "pass": true,
              "fail": false,
              "pending": false,
              "context": null,
              "code": "headerComp.brandLogoImg().should(\"be.visible\");\nheaderComp.brandLogo().should(\"contain.text\", \"\");",
              "err": {},
              "uuid": "7b820fe7-5b59-4562-acc7-9315f07f4a3f",
              "parentUUID": "cb0bece7-c9e1-4123-830c-736109f2af06",
              "isHook": false,
              "skipped": false
            },
            {
              "title": "test for header menu details",
              "fullTitle": "header component test test for header menu details",
              "timedOut": null,
              "duration": 363,
              "state": "passed",
              "speed": "fast",
              "pass": true,
              "fail": false,
              "pending": false,
              "context": null,
              "code": "var expectedMenuDetails = [\n    { text: \"Home (current)\", href: \"index.html\" },\n    { text: \"Contact\", href: \"#\" },\n    { text: \"About us\", href: \"#\" },\n    { text: \"Cart\", href: \"cart.html\" },\n    { text: \"Log in\", href: \"#\" },\n    { text: \"Sign up\", href: \"#\" },\n];\nheaderComp.getMenuDetails().then(function (actualMenuDetailsData) {\n    cy.wrap(\"\").then(function () {\n        expect(actualMenuDetailsData).to.be.deep.eq(expectedMenuDetails);\n    });\n    /*  cy.log(JSON.stringify(actualMenuDetailsData)); */\n});",
              "err": {},
              "uuid": "8cea5be1-3345-44a2-b547-4ea5d82c9284",
              "parentUUID": "cb0bece7-c9e1-4123-830c-736109f2af06",
              "isHook": false,
              "skipped": false
            }
          ],
          "suites": [],
          "passes": [
            "7b820fe7-5b59-4562-acc7-9315f07f4a3f",
            "8cea5be1-3345-44a2-b547-4ea5d82c9284"
          ],
          "failures": [],
          "pending": [],
          "skipped": [],
          "duration": 1369,
          "root": false,
          "rootEmpty": false,
          "_timeout": 2000
        }
      ],
      "passes": [],
      "failures": [],
      "pending": [],
      "skipped": [],
      "duration": 0,
      "root": true,
      "rootEmpty": true,
      "_timeout": 2000
    }
  ],
  "meta": {
    "mocha": {
      "version": "7.2.0"
    },
    "mochawesome": {
      "options": {
        "quiet": false,
        "reportFilename": "mochawesome",
        "saveHtml": false,
        "saveJson": true,
        "consoleReporter": "spec",
        "useInlineDiffs": false,
        "code": true
      },
      "version": "7.1.3"
    },
    "marge": {
      "options": {
        "reportDir": "results",
        "overwrite": false,
        "html": false,
        "json": true
      },
      "version": "6.2.0"
    }
  }
}