{
  "stats": {
    "suites": 1,
    "tests": 3,
    "passes": 3,
    "pending": 0,
    "failures": 0,
    "start": "2025-04-21T06:36:40.175Z",
    "end": "2025-04-21T06:36:45.519Z",
    "duration": 5344,
    "testsRegistered": 3,
    "passPercent": 100,
    "pendingPercent": 0,
    "other": 0,
    "hasOther": false,
    "skipped": 0,
    "hasSkipped": false
  },
  "results": [
    {
      "uuid": "272c3993-1e19-4344-879e-2370226d711d",
      "title": "",
      "fullFile": "cypress\\tests\\components\\HomePageCategoryTest.ts",
      "file": "cypress\\tests\\components\\HomePageCategoryTest.ts",
      "beforeHooks": [],
      "afterHooks": [],
      "tests": [],
      "suites": [
        {
          "uuid": "4a0c41f5-a595-45c6-b744-fe3e9d43ec4b",
          "title": "homepage category component test",
          "fullFile": "",
          "file": "",
          "beforeHooks": [],
          "afterHooks": [],
          "tests": [
            {
              "title": "test phone cate",
              "fullTitle": "homepage category component test test phone cate",
              "timedOut": null,
              "duration": 2287,
              "state": "passed",
              "speed": "fast",
              "pass": true,
              "fail": false,
              "pending": false,
              "context": null,
              "code": "verifyCategoryFilterBy(product);",
              "err": {},
              "uuid": "675f6074-9465-45af-b08f-542917e6bbd9",
              "parentUUID": "4a0c41f5-a595-45c6-b744-fe3e9d43ec4b",
              "isHook": false,
              "skipped": false
            },
            {
              "title": "test notebook cate",
              "fullTitle": "homepage category component test test notebook cate",
              "timedOut": null,
              "duration": 1494,
              "state": "passed",
              "speed": "fast",
              "pass": true,
              "fail": false,
              "pending": false,
              "context": null,
              "code": "verifyCategoryFilterBy(product);",
              "err": {},
              "uuid": "6d5d0fbb-30e3-49a2-bd2d-d0fc4cb4ca36",
              "parentUUID": "4a0c41f5-a595-45c6-b744-fe3e9d43ec4b",
              "isHook": false,
              "skipped": false
            },
            {
              "title": "test monitor cate",
              "fullTitle": "homepage category component test test monitor cate",
              "timedOut": null,
              "duration": 1431,
              "state": "passed",
              "speed": "fast",
              "pass": true,
              "fail": false,
              "pending": false,
              "context": null,
              "code": "verifyCategoryFilterBy(product);",
              "err": {},
              "uuid": "0d606291-c3a4-4341-b76b-87b4cef1f459",
              "parentUUID": "4a0c41f5-a595-45c6-b744-fe3e9d43ec4b",
              "isHook": false,
              "skipped": false
            }
          ],
          "suites": [],
          "passes": [
            "675f6074-9465-45af-b08f-542917e6bbd9",
            "6d5d0fbb-30e3-49a2-bd2d-d0fc4cb4ca36",
            "0d606291-c3a4-4341-b76b-87b4cef1f459"
          ],
          "failures": [],
          "pending": [],
          "skipped": [],
          "duration": 5212,
          "root": false,
          "rootEmpty": false,
          "_timeout": 2000
        }
      ],
      "passes": [],
      "failures": [],
      "pending": [],
      "skipped": [],
      "duration": 0,
      "root": true,
      "rootEmpty": true,
      "_timeout": 2000
    }
  ],
  "meta": {
    "mocha": {
      "version": "7.2.0"
    },
    "mochawesome": {
      "options": {
        "quiet": false,
        "reportFilename": "mochawesome",
        "saveHtml": false,
        "saveJson": true,
        "consoleReporter": "spec",
        "useInlineDiffs": false,
        "code": true
      },
      "version": "7.1.3"
    },
    "marge": {
      "options": {
        "reportDir": "results",
        "overwrite": false,
        "html": false,
        "json": true
      },
      "version": "6.2.0"
    }
  }
}