{
  "stats": {
    "suites": 1,
    "tests": 1,
    "passes": 1,
    "pending": 0,
    "failures": 0,
    "start": "2025-04-21T03:40:26.143Z",
    "end": "2025-04-21T03:40:27.930Z",
    "duration": 1787,
    "testsRegistered": 1,
    "passPercent": 100,
    "pendingPercent": 0,
    "other": 0,
    "hasOther": false,
    "skipped": 0,
    "hasSkipped": false
  },
  "results": [
    {
      "uuid": "2855a499-acb0-4915-a759-3e53f3b54dfe",
      "title": "",
      "fullFile": "cypress\\tests\\backup\\specDemoBlazeBeforeTest.cy.ts",
      "file": "cypress\\tests\\backup\\specDemoBlazeBeforeTest.cy.ts",
      "beforeHooks": [],
      "afterHooks": [],
      "tests": [],
      "suites": [
        {
          "uuid": "679ce8c8-17a9-4fea-a4ba-61f25ef47854",
          "title": "Blaze homepage test before",
          "fullFile": "",
          "file": "",
          "beforeHooks": [],
          "afterHooks": [],
          "tests": [
            {
              "title": "balze test card",
              "fullTitle": "Blaze homepage test before balze test card",
              "timedOut": null,
              "duration": 1669,
              "state": "passed",
              "speed": "fast",
              "pass": true,
              "fail": false,
              "pending": false,
              "context": null,
              "code": "var apiItem = apiProduct.map(function (item) {\n    return {\n        itemName: item.title.replace(\"\\n\", \"\"),\n        itemPrice: \"$\".concat(item.price),\n    };\n});\nnew DemoBlazePage_1.default().getAllCardData().then(function (allCardData) {\n    cy.wrap(\"\").then(function () {\n        expect(allCardData).to.have.deep.eq(apiItem);\n    });\n});",
              "err": {},
              "uuid": "93d23de8-d4f7-4d31-976c-4cfabab1b170",
              "parentUUID": "679ce8c8-17a9-4fea-a4ba-61f25ef47854",
              "isHook": false,
              "skipped": false
            }
          ],
          "suites": [],
          "passes": [
            "93d23de8-d4f7-4d31-976c-4cfabab1b170"
          ],
          "failures": [],
          "pending": [],
          "skipped": [],
          "duration": 1669,
          "root": false,
          "rootEmpty": false,
          "_timeout": 2000
        }
      ],
      "passes": [],
      "failures": [],
      "pending": [],
      "skipped": [],
      "duration": 0,
      "root": true,
      "rootEmpty": true,
      "_timeout": 2000
    }
  ],
  "meta": {
    "mocha": {
      "version": "7.2.0"
    },
    "mochawesome": {
      "options": {
        "quiet": false,
        "reportFilename": "mochawesome",
        "saveHtml": false,
        "saveJson": true,
        "consoleReporter": "spec",
        "useInlineDiffs": false,
        "code": true
      },
      "version": "7.1.3"
    },
    "marge": {
      "options": {
        "reportDir": "results",
        "overwrite": false,
        "html": false,
        "json": true
      },
      "version": "6.2.0"
    }
  }
}