{
  "stats": {
    "suites": 1,
    "tests": 1,
    "passes": 0,
    "pending": 0,
    "failures": 1,
    "start": "2025-04-21T06:36:47.284Z",
    "end": "2025-04-21T06:36:54.011Z",
    "duration": 6727,
    "testsRegistered": 1,
    "passPercent": 0,
    "pendingPercent": 0,
    "other": 0,
    "hasOther": false,
    "skipped": 0,
    "hasSkipped": false
  },
  "results": [
    {
      "uuid": "fc335d36-9fb9-49b8-99eb-bf6e8e4b9423",
      "title": "",
      "fullFile": "cypress\\tests\\components\\ProductDetailTest.ts",
      "file": "cypress\\tests\\components\\ProductDetailTest.ts",
      "beforeHooks": [],
      "afterHooks": [],
      "tests": [],
      "suites": [
        {
          "uuid": "a3625687-6571-4a77-81ed-3d874588c00b",
          "title": "Product detail test ",
          "fullFile": "",
          "file": "",
          "beforeHooks": [],
          "afterHooks": [],
          "tests": [
            {
              "title": "test product detail",
              "fullTitle": "Product detail test  test product detail",
              "timedOut": null,
              "duration": 6680,
              "state": "failed",
              "speed": null,
              "pass": false,
              "fail": true,
              "pending": false,
              "context": null,
              "code": "HomePageAPI_1.HomePageAPI.getHomePageProducts().then(function (apiproduct) {\n    var randomProduct = apiproduct[Math.floor(Math.random() * apiproduct.length)];\n    var randomProductTitle = randomProduct.title.trim().replace(\"\\n\", \"\");\n    cy.contains(randomProductTitle).click();\n    /*  cy.wait(2000); */\n    var productDetails = new ProductDetailComponent_1.default();\n    productDetails.getProductName().should('contain', randomProductTitle);\n    productDetails.getProductPrice().should('contain.text', randomProduct.price);\n});",
              "err": {
                "message": "CypressError: Timed out retrying after 5000ms: `cy.wait()` timed out waiting `5000ms` for the 1st request to the route: `entries`. No request ever occurred.\n\nhttps://on.cypress.io/wait",
                "estack": "CypressError: Timed out retrying after 5000ms: `cy.wait()` timed out waiting `5000ms` for the 1st request to the route: `entries`. No request ever occurred.\n\nhttps://on.cypress.io/wait\n    at cypressErr (https://demoblaze.com/__cypress/runner/cypress_runner.js:76205:18)\n    at Object.errByPath (https://demoblaze.com/__cypress/runner/cypress_runner.js:76259:10)\n    at checkForXhr (https://demoblaze.com/__cypress/runner/cypress_runner.js:137482:84)\n    at <unknown> (https://demoblaze.com/__cypress/runner/cypress_runner.js:137508:28)\n    at tryCatcher (https://demoblaze.com/__cypress/runner/cypress_runner.js:1777:23)\n    at Promise.attempt.Promise.try (https://demoblaze.com/__cypress/runner/cypress_runner.js:4285:29)\n    at whenStable (https://demoblaze.com/__cypress/runner/cypress_runner.js:145864:68)\n    at <unknown> (https://demoblaze.com/__cypress/runner/cypress_runner.js:145805:14)\n    at tryCatcher (https://demoblaze.com/__cypress/runner/cypress_runner.js:1777:23)\n    at Promise._settlePromiseFromHandler (https://demoblaze.com/__cypress/runner/cypress_runner.js:1489:31)\n    at Promise._settlePromise (https://demoblaze.com/__cypress/runner/cypress_runner.js:1546:18)\n    at Promise._settlePromise0 (https://demoblaze.com/__cypress/runner/cypress_runner.js:1591:10)\n    at Promise._settlePromises (https://demoblaze.com/__cypress/runner/cypress_runner.js:1671:18)\n    at Promise._fulfill (https://demoblaze.com/__cypress/runner/cypress_runner.js:1615:18)\n    at <unknown> (https://demoblaze.com/__cypress/runner/cypress_runner.js:5420:46)\nFrom Your Spec Code:\n    at __webpack_modules__../cypress/support/HomePageAPI.ts.HomePageAPI._waitForEntriesRequest (webpack://newapp/./cypress/support/HomePageAPI.ts:17:11)\n    at __webpack_modules__../cypress/support/HomePageAPI.ts.HomePageAPI.getHomePageProducts (webpack://newapp/./cypress/support/HomePageAPI.ts:4:13)\n    at Context.eval (webpack://newapp/./cypress/tests/components/ProductDetailTest.ts:10:16)",
                "diff": null
              },
              "uuid": "85ff24b7-3bf2-4457-80df-b4be2a6723c6",
              "parentUUID": "a3625687-6571-4a77-81ed-3d874588c00b",
              "isHook": false,
              "skipped": false
            }
          ],
          "suites": [],
          "passes": [],
          "failures": [
            "85ff24b7-3bf2-4457-80df-b4be2a6723c6"
          ],
          "pending": [],
          "skipped": [],
          "duration": 6680,
          "root": false,
          "rootEmpty": false,
          "_timeout": 2000
        }
      ],
      "passes": [],
      "failures": [],
      "pending": [],
      "skipped": [],
      "duration": 0,
      "root": true,
      "rootEmpty": true,
      "_timeout": 2000
    }
  ],
  "meta": {
    "mocha": {
      "version": "7.2.0"
    },
    "mochawesome": {
      "options": {
        "quiet": false,
        "reportFilename": "mochawesome",
        "saveHtml": false,
        "saveJson": true,
        "consoleReporter": "spec",
        "useInlineDiffs": false,
        "code": true
      },
      "version": "7.1.3"
    },
    "marge": {
      "options": {
        "reportDir": "results",
        "overwrite": false,
        "html": false,
        "json": true
      },
      "version": "6.2.0"
    }
  }
}