{
  "stats": {
    "suites": 1,
    "tests": 2,
    "passes": 2,
    "pending": 0,
    "failures": 0,
    "start": "2025-04-21T06:36:32.985Z",
    "end": "2025-04-21T06:36:35.044Z",
    "duration": 2059,
    "testsRegistered": 2,
    "passPercent": 100,
    "pendingPercent": 0,
    "other": 0,
    "hasOther": false,
    "skipped": 0,
    "hasSkipped": false
  },
  "results": [
    {
      "uuid": "ba49b34a-6768-42a1-b5cc-09fd83b6da40",
      "title": "",
      "fullFile": "cypress\\tests\\components\\FooterTest.ts",
      "file": "cypress\\tests\\components\\FooterTest.ts",
      "beforeHooks": [],
      "afterHooks": [],
      "tests": [],
      "suites": [
        {
          "uuid": "cc03bc4c-d503-438d-8f6b-c08c8579e096",
          "title": "footer component test",
          "fullFile": "",
          "file": "",
          "beforeHooks": [],
          "afterHooks": [],
          "tests": [
            {
              "title": "test about us",
              "fullTitle": "footer component test test about us",
              "timedOut": null,
              "duration": 1479,
              "state": "passed",
              "speed": "fast",
              "pass": true,
              "fail": false,
              "pending": false,
              "context": null,
              "code": "var expectedData = {\n    header: \"About Us\",\n    desc: \"We believe performance needs to be validated at every stage of the software development cycle and our open source compatible, massively scalable platform makes that a reality.\",\n};\nfooterComp.getAboutUsData().then(function (actualData) {\n    expect(actualData).to.deep.eq(expectedData);\n});",
              "err": {},
              "uuid": "cc3711d1-e182-4fe3-a45a-7951cfa186ea",
              "parentUUID": "cc03bc4c-d503-438d-8f6b-c08c8579e096",
              "isHook": false,
              "skipped": false
            },
            {
              "title": "test contact us",
              "fullTitle": "footer component test test contact us",
              "timedOut": null,
              "duration": 478,
              "state": "passed",
              "speed": "fast",
              "pass": true,
              "fail": false,
              "pending": false,
              "context": null,
              "code": "var expectedData = { header: \"Get in Touch\",\n    Address: \"2390 El Camino Real\",\n    Phone: \"+440 123456\",\n    Email: \"demo@blazemeter.com\" };\nfooterComp.getContactUsData().then(function (actualData) {\n    expect(actualData.header).to.eq(expectedData.header);\n});",
              "err": {},
              "uuid": "db0dba64-96c7-4c82-9a8d-395f60adf3b9",
              "parentUUID": "cc03bc4c-d503-438d-8f6b-c08c8579e096",
              "isHook": false,
              "skipped": false
            }
          ],
          "suites": [],
          "passes": [
            "cc3711d1-e182-4fe3-a45a-7951cfa186ea",
            "db0dba64-96c7-4c82-9a8d-395f60adf3b9"
          ],
          "failures": [],
          "pending": [],
          "skipped": [],
          "duration": 1957,
          "root": false,
          "rootEmpty": false,
          "_timeout": 2000
        }
      ],
      "passes": [],
      "failures": [],
      "pending": [],
      "skipped": [],
      "duration": 0,
      "root": true,
      "rootEmpty": true,
      "_timeout": 2000
    }
  ],
  "meta": {
    "mocha": {
      "version": "7.2.0"
    },
    "mochawesome": {
      "options": {
        "quiet": false,
        "reportFilename": "mochawesome",
        "saveHtml": false,
        "saveJson": true,
        "consoleReporter": "spec",
        "useInlineDiffs": false,
        "code": true
      },
      "version": "7.1.3"
    },
    "marge": {
      "options": {
        "reportDir": "results",
        "overwrite": false,
        "html": false,
        "json": true
      },
      "version": "6.2.0"
    }
  }
}