{
  "stats": {
    "suites": 1,
    "tests": 1,
    "passes": 1,
    "pending": 0,
    "failures": 0,
    "start": "2025-04-21T03:40:54.218Z",
    "end": "2025-04-21T03:40:58.772Z",
    "duration": 4554,
    "testsRegistered": 1,
    "passPercent": 100,
    "pendingPercent": 0,
    "other": 0,
    "hasOther": false,
    "skipped": 0,
    "hasSkipped": false
  },
  "results": [
    {
      "uuid": "25589843-76d5-4ce6-8f8f-e4d4c06084ce",
      "title": "",
      "fullFile": "cypress\\tests\\backup\\specsheckbox.cy.ts",
      "file": "cypress\\tests\\backup\\specsheckbox.cy.ts",
      "beforeHooks": [],
      "afterHooks": [],
      "tests": [],
      "suites": [
        {
          "uuid": "c28060d3-83eb-49c9-a0c1-f69747bdde51",
          "title": "template spec",
          "fullFile": "",
          "file": "",
          "beforeHooks": [],
          "afterHooks": [],
          "tests": [
            {
              "title": "passes",
              "fullTitle": "template spec passes",
              "timedOut": null,
              "duration": 2726,
              "state": "passed",
              "speed": "fast",
              "pass": true,
              "fail": false,
              "pending": false,
              "context": null,
              "code": "cy.visit(\"https://the-internet.herokuapp.com/checkboxes\");\ncy.get(havecheckbox).eq(0).click();\ncy.get(havecheckbox).eq(1).click();\ncy.get(havecheckbox).eq(0).click();\ncy.get(havecheckbox).filter(\":not([checked])\").should(\"have.length\", 2);\ncy.get(havecheckbox).filter(\":not([checked])\").then(function (item) {\n    cy.get(item).click({ multiple: true });\n});",
              "err": {},
              "uuid": "f75cdd39-66f1-4d8c-9656-043a46ef9938",
              "parentUUID": "c28060d3-83eb-49c9-a0c1-f69747bdde51",
              "isHook": false,
              "skipped": false
            }
          ],
          "suites": [],
          "passes": [
            "f75cdd39-66f1-4d8c-9656-043a46ef9938"
          ],
          "failures": [],
          "pending": [],
          "skipped": [],
          "duration": 2726,
          "root": false,
          "rootEmpty": false,
          "_timeout": 2000
        }
      ],
      "passes": [],
      "failures": [],
      "pending": [],
      "skipped": [],
      "duration": 0,
      "root": true,
      "rootEmpty": true,
      "_timeout": 2000
    }
  ],
  "meta": {
    "mocha": {
      "version": "7.2.0"
    },
    "mochawesome": {
      "options": {
        "quiet": false,
        "reportFilename": "mochawesome",
        "saveHtml": false,
        "saveJson": true,
        "consoleReporter": "spec",
        "useInlineDiffs": false,
        "code": true
      },
      "version": "7.1.3"
    },
    "marge": {
      "options": {
        "reportDir": "results",
        "overwrite": false,
        "html": false,
        "json": true
      },
      "version": "6.2.0"
    }
  }
}