{
  "stats": {
    "suites": 1,
    "tests": 2,
    "passes": 1,
    "pending": 0,
    "failures": 1,
    "start": "2025-04-21T03:38:44.314Z",
    "end": "2025-04-21T03:39:01.191Z",
    "duration": 16877,
    "testsRegistered": 2,
    "passPercent": 50,
    "pendingPercent": 0,
    "other": 0,
    "hasOther": false,
    "skipped": 0,
    "hasSkipped": false
  },
  "results": [
    {
      "uuid": "e41546fa-0ba4-4814-b3dd-e8e9b50e9633",
      "title": "",
      "fullFile": "cypress\\tests\\authen\\LoginTest.ts",
      "file": "cypress\\tests\\authen\\LoginTest.ts",
      "beforeHooks": [],
      "afterHooks": [],
      "tests": [],
      "suites": [
        {
          "uuid": "1690d193-f194-4dc4-8620-9ed50485d2d6",
          "title": "login test ",
          "fullFile": "",
          "file": "",
          "beforeHooks": [],
          "afterHooks": [],
          "tests": [
            {
              "title": "test login credential",
              "fullTitle": "login test  test login credential",
              "timedOut": null,
              "duration": 12362,
              "state": "failed",
              "speed": null,
              "pass": false,
              "fail": true,
              "pending": false,
              "context": null,
              "code": "var username = LOGIN_CREDS.username, password = LOGIN_CREDS.password;\nlogin(username, password);\nloginComp.getLoggedUsername().should('be.visible');\nloginComp.getLoggedUsername().should('contain.text', \"Welcome \".concat(LOGIN_CREDS.username));",
              "err": {
                "message": "AssertionError: Timed out retrying after 10000ms: expected '<a#nameofuser.nav-link>' to be 'visible'\n\nThis element `<a#nameofuser.nav-link>` is not visible because it has CSS property: `display: none`",
                "estack": "AssertionError: Timed out retrying after 10000ms: expected '<a#nameofuser.nav-link>' to be 'visible'\n\nThis element `<a#nameofuser.nav-link>` is not visible because it has CSS property: `display: none`\n    at Context.eval (webpack://newapp/./cypress/tests/authen/LoginTest.ts:28:34)",
                "diff": null
              },
              "uuid": "31d3b56c-349e-4913-a75b-2348cb25ad69",
              "parentUUID": "1690d193-f194-4dc4-8620-9ed50485d2d6",
              "isHook": false,
              "skipped": false
            },
            {
              "title": "should be able to see wrong pass",
              "fullTitle": "login test  should be able to see wrong pass",
              "timedOut": null,
              "duration": 4415,
              "state": "passed",
              "speed": "fast",
              "pass": true,
              "fail": false,
              "pending": false,
              "context": null,
              "code": "var username = LOGIN_CREDS.username, password = LOGIN_CREDS.password;\nlogin(username, \"\".concat(password, \"_qwdqw\"));\ncy.on('window:alert', function (alert) {\n    expect(alert).to.contains(\"Wrong password\");\n});",
              "err": {},
              "uuid": "2c10151c-7739-4465-a2c2-dd20ac4f3983",
              "parentUUID": "1690d193-f194-4dc4-8620-9ed50485d2d6",
              "isHook": false,
              "skipped": false
            }
          ],
          "suites": [],
          "passes": [
            "2c10151c-7739-4465-a2c2-dd20ac4f3983"
          ],
          "failures": [
            "31d3b56c-349e-4913-a75b-2348cb25ad69"
          ],
          "pending": [],
          "skipped": [],
          "duration": 16777,
          "root": false,
          "rootEmpty": false,
          "_timeout": 2000
        }
      ],
      "passes": [],
      "failures": [],
      "pending": [],
      "skipped": [],
      "duration": 0,
      "root": true,
      "rootEmpty": true,
      "_timeout": 2000
    }
  ],
  "meta": {
    "mocha": {
      "version": "7.2.0"
    },
    "mochawesome": {
      "options": {
        "quiet": false,
        "reportFilename": "mochawesome",
        "saveHtml": false,
        "saveJson": true,
        "consoleReporter": "spec",
        "useInlineDiffs": false,
        "code": true
      },
      "version": "7.1.3"
    },
    "marge": {
      "options": {
        "reportDir": "results",
        "overwrite": false,
        "html": false,
        "json": true
      },
      "version": "6.2.0"
    }
  }
}