{
  "stats": {
    "suites": 1,
    "tests": 2,
    "passes": 2,
    "pending": 0,
    "failures": 0,
    "start": "2025-04-21T06:36:36.766Z",
    "end": "2025-04-21T06:36:38.449Z",
    "duration": 1683,
    "testsRegistered": 2,
    "passPercent": 100,
    "pendingPercent": 0,
    "other": 0,
    "hasOther": false,
    "skipped": 0,
    "hasSkipped": false
  },
  "results": [
    {
      "uuid": "271f1553-7ce1-4a27-9cca-160700d1a1f0",
      "title": "",
      "fullFile": "cypress\\tests\\components\\HeaderTest.ts",
      "file": "cypress\\tests\\components\\HeaderTest.ts",
      "beforeHooks": [],
      "afterHooks": [],
      "tests": [],
      "suites": [
        {
          "uuid": "acb7376b-f3e5-4949-a0b8-80e1b42f87c7",
          "title": "header component test",
          "fullFile": "",
          "file": "",
          "beforeHooks": [],
          "afterHooks": [],
          "tests": [
            {
              "title": "test logo",
              "fullTitle": "header component test test logo",
              "timedOut": null,
              "duration": 1203,
              "state": "passed",
              "speed": "fast",
              "pass": true,
              "fail": false,
              "pending": false,
              "context": null,
              "code": "headerComp.brandLogoImg().should(\"be.visible\");\nheaderComp.brandLogo().should(\"contain.text\", \"\");",
              "err": {},
              "uuid": "f670d756-9d14-4e06-b7fc-edeb8034ba63",
              "parentUUID": "acb7376b-f3e5-4949-a0b8-80e1b42f87c7",
              "isHook": false,
              "skipped": false
            },
            {
              "title": "test for header menu details",
              "fullTitle": "header component test test for header menu details",
              "timedOut": null,
              "duration": 382,
              "state": "passed",
              "speed": "fast",
              "pass": true,
              "fail": false,
              "pending": false,
              "context": null,
              "code": "var expectedMenuDetails = [\n    { text: \"Home (current)\", href: \"index.html\" },\n    { text: \"Contact\", href: \"#\" },\n    { text: \"About us\", href: \"#\" },\n    { text: \"Cart\", href: \"cart.html\" },\n    { text: \"Log in\", href: \"#\" },\n    { text: \"Sign up\", href: \"#\" },\n];\nheaderComp.getMenuDetails().then(function (actualMenuDetailsData) {\n    cy.wrap(\"\").then(function () {\n        expect(actualMenuDetailsData).to.be.deep.eq(expectedMenuDetails);\n    });\n    /*  cy.log(JSON.stringify(actualMenuDetailsData)); */\n});",
              "err": {},
              "uuid": "9c943a4d-c2a0-4387-a365-f8bb6390cf29",
              "parentUUID": "acb7376b-f3e5-4949-a0b8-80e1b42f87c7",
              "isHook": false,
              "skipped": false
            }
          ],
          "suites": [],
          "passes": [
            "f670d756-9d14-4e06-b7fc-edeb8034ba63",
            "9c943a4d-c2a0-4387-a365-f8bb6390cf29"
          ],
          "failures": [],
          "pending": [],
          "skipped": [],
          "duration": 1585,
          "root": false,
          "rootEmpty": false,
          "_timeout": 2000
        }
      ],
      "passes": [],
      "failures": [],
      "pending": [],
      "skipped": [],
      "duration": 0,
      "root": true,
      "rootEmpty": true,
      "_timeout": 2000
    }
  ],
  "meta": {
    "mocha": {
      "version": "7.2.0"
    },
    "mochawesome": {
      "options": {
        "quiet": false,
        "reportFilename": "mochawesome",
        "saveHtml": false,
        "saveJson": true,
        "consoleReporter": "spec",
        "useInlineDiffs": false,
        "code": true
      },
      "version": "7.1.3"
    },
    "marge": {
      "options": {
        "reportDir": "results",
        "overwrite": false,
        "html": false,
        "json": true
      },
      "version": "6.2.0"
    }
  }
}