{
  "stats": {
    "suites": 1,
    "tests": 1,
    "passes": 1,
    "pending": 0,
    "failures": 0,
    "start": "2025-04-21T03:41:13.123Z",
    "end": "2025-04-21T03:41:16.101Z",
    "duration": 2978,
    "testsRegistered": 1,
    "passPercent": 100,
    "pendingPercent": 0,
    "other": 0,
    "hasOther": false,
    "skipped": 0,
    "hasSkipped": false
  },
  "results": [
    {
      "uuid": "bf0d322d-0b29-4ac8-9bb7-d803d43ca668",
      "title": "",
      "fullFile": "cypress\\tests\\components\\ProductDetailTest.ts",
      "file": "cypress\\tests\\components\\ProductDetailTest.ts",
      "beforeHooks": [],
      "afterHooks": [],
      "tests": [],
      "suites": [
        {
          "uuid": "d6c0e278-9300-460e-aa60-f8049aa47c08",
          "title": "Product detail test ",
          "fullFile": "",
          "file": "",
          "beforeHooks": [],
          "afterHooks": [],
          "tests": [
            {
              "title": "test product detail",
              "fullTitle": "Product detail test  test product detail",
              "timedOut": null,
              "duration": 2913,
              "state": "passed",
              "speed": "fast",
              "pass": true,
              "fail": false,
              "pending": false,
              "context": null,
              "code": "HomePageAPI_1.HomePageAPI.getHomePageProducts().then(function (apiproduct) {\n    var randomProduct = apiproduct[Math.floor(Math.random() * apiproduct.length)];\n    var randomProductTitle = randomProduct.title.trim().replace(\"\\n\", \"\");\n    cy.contains(randomProductTitle).click();\n    /*  cy.wait(2000); */\n    var productDetails = new ProductDetailComponent_1.default();\n    productDetails.getProductName().should('contain', randomProductTitle);\n    productDetails.getProductPrice().should('contain.text', randomProduct.price);\n});",
              "err": {},
              "uuid": "a245e447-6c4d-48a1-af28-76ec052fd2e7",
              "parentUUID": "d6c0e278-9300-460e-aa60-f8049aa47c08",
              "isHook": false,
              "skipped": false
            }
          ],
          "suites": [],
          "passes": [
            "a245e447-6c4d-48a1-af28-76ec052fd2e7"
          ],
          "failures": [],
          "pending": [],
          "skipped": [],
          "duration": 2913,
          "root": false,
          "rootEmpty": false,
          "_timeout": 2000
        }
      ],
      "passes": [],
      "failures": [],
      "pending": [],
      "skipped": [],
      "duration": 0,
      "root": true,
      "rootEmpty": true,
      "_timeout": 2000
    }
  ],
  "meta": {
    "mocha": {
      "version": "7.2.0"
    },
    "mochawesome": {
      "options": {
        "quiet": false,
        "reportFilename": "mochawesome",
        "saveHtml": false,
        "saveJson": true,
        "consoleReporter": "spec",
        "useInlineDiffs": false,
        "code": true
      },
      "version": "7.1.3"
    },
    "marge": {
      "options": {
        "reportDir": "results",
        "overwrite": false,
        "html": false,
        "json": true
      },
      "version": "6.2.0"
    }
  }
}