{
  "stats": {
    "suites": 1,
    "tests": 1,
    "passes": 1,
    "pending": 0,
    "failures": 0,
    "start": "2025-04-21T06:35:22.415Z",
    "end": "2025-04-21T06:35:27.512Z",
    "duration": 5097,
    "testsRegistered": 1,
    "passPercent": 100,
    "pendingPercent": 0,
    "other": 0,
    "hasOther": false,
    "skipped": 0,
    "hasSkipped": false
  },
  "results": [
    {
      "uuid": "18047a4d-8367-4f62-8522-3b4158c6dd5c",
      "title": "",
      "fullFile": "cypress\\tests\\backup\\spec2.cy.ts",
      "file": "cypress\\tests\\backup\\spec2.cy.ts",
      "beforeHooks": [],
      "afterHooks": [],
      "tests": [],
      "suites": [
        {
          "uuid": "a6efbe78-36be-41d5-a219-44998026b02f",
          "title": "template spec",
          "fullFile": "",
          "file": "",
          "beforeHooks": [],
          "afterHooks": [],
          "tests": [
            {
              "title": "passes",
              "fullTitle": "template spec passes",
              "timedOut": null,
              "duration": 3374,
              "state": "passed",
              "speed": "fast",
              "pass": true,
              "fail": false,
              "pending": false,
              "context": null,
              "code": "cy.visit(\"https://the-internet.herokuapp.com/\");\ncy.get(\"a[href='/login'\").click();\ncy.location(\"pathname\", { timeout: 1000 }).should(\"eq\", \"/login\");",
              "err": {},
              "uuid": "41fcb3a1-4a8a-4fa8-92ec-c424b91a3be9",
              "parentUUID": "a6efbe78-36be-41d5-a219-44998026b02f",
              "isHook": false,
              "skipped": false
            }
          ],
          "suites": [],
          "passes": [
            "41fcb3a1-4a8a-4fa8-92ec-c424b91a3be9"
          ],
          "failures": [],
          "pending": [],
          "skipped": [],
          "duration": 3374,
          "root": false,
          "rootEmpty": false,
          "_timeout": 2000
        }
      ],
      "passes": [],
      "failures": [],
      "pending": [],
      "skipped": [],
      "duration": 0,
      "root": true,
      "rootEmpty": true,
      "_timeout": 2000
    }
  ],
  "meta": {
    "mocha": {
      "version": "7.2.0"
    },
    "mochawesome": {
      "options": {
        "quiet": false,
        "reportFilename": "mochawesome",
        "saveHtml": false,
        "saveJson": true,
        "consoleReporter": "spec",
        "useInlineDiffs": false,
        "code": true
      },
      "version": "7.1.3"
    },
    "marge": {
      "options": {
        "reportDir": "results",
        "overwrite": false,
        "html": false,
        "json": true
      },
      "version": "6.2.0"
    }
  }
}