{
  "stats": {
    "suites": 1,
    "tests": 1,
    "passes": 0,
    "pending": 0,
    "failures": 1,
    "start": "2025-04-21T06:35:51.424Z",
    "end": "2025-04-21T06:35:58.214Z",
    "duration": 6790,
    "testsRegistered": 1,
    "passPercent": 0,
    "pendingPercent": 0,
    "other": 0,
    "hasOther": false,
    "skipped": 0,
    "hasSkipped": false
  },
  "results": [
    {
      "uuid": "ac2028de-6817-4cd7-884b-a129790e25d7",
      "title": "",
      "fullFile": "cypress\\tests\\backup\\specDemoBlazeBeforeTest.cy.ts",
      "file": "cypress\\tests\\backup\\specDemoBlazeBeforeTest.cy.ts",
      "beforeHooks": [],
      "afterHooks": [],
      "tests": [],
      "suites": [
        {
          "uuid": "2d0c0b2f-a305-4444-9f49-ad39aa2a9fd4",
          "title": "Blaze homepage test before",
          "fullFile": "",
          "file": "",
          "beforeHooks": [],
          "afterHooks": [],
          "tests": [
            {
              "title": "balze test card",
              "fullTitle": "Blaze homepage test before balze test card",
              "timedOut": null,
              "duration": 6735,
              "state": "failed",
              "speed": null,
              "pass": false,
              "fail": true,
              "pending": false,
              "context": null,
              "code": "var apiItem = apiProduct.map(function (item) {\n    return {\n        itemName: item.title.replace(\"\\n\", \"\"),\n        itemPrice: \"$\".concat(item.price),\n    };\n});\nnew DemoBlazePage_1.default().getAllCardData().then(function (allCardData) {\n    cy.wrap(\"\").then(function () {\n        expect(allCardData).to.have.deep.eq(apiItem);\n    });\n});",
              "err": {
                "message": "CypressError: Timed out retrying after 5000ms: `cy.wait()` timed out waiting `5000ms` for the 1st request to the route: `entries`. No request ever occurred.\n\nhttps://on.cypress.io/wait\n\nBecause this error occurred during a `before all` hook we are skipping the remaining tests in the current suite: `Blaze homepage test before`",
                "estack": "CypressError: Timed out retrying after 5000ms: `cy.wait()` timed out waiting `5000ms` for the 1st request to the route: `entries`. No request ever occurred.\n\nhttps://on.cypress.io/wait\n\nBecause this error occurred during a `before all` hook we are skipping the remaining tests in the current suite: `Blaze homepage test before`\n    at cypressErr (https://demoblaze.com/__cypress/runner/cypress_runner.js:76205:18)\n    at Object.errByPath (https://demoblaze.com/__cypress/runner/cypress_runner.js:76259:10)\n    at checkForXhr (https://demoblaze.com/__cypress/runner/cypress_runner.js:137482:84)\n    at <unknown> (https://demoblaze.com/__cypress/runner/cypress_runner.js:137508:28)\n    at tryCatcher (https://demoblaze.com/__cypress/runner/cypress_runner.js:1777:23)\n    at Promise.attempt.Promise.try (https://demoblaze.com/__cypress/runner/cypress_runner.js:4285:29)\n    at whenStable (https://demoblaze.com/__cypress/runner/cypress_runner.js:145864:68)\n    at <unknown> (https://demoblaze.com/__cypress/runner/cypress_runner.js:145805:14)\n    at tryCatcher (https://demoblaze.com/__cypress/runner/cypress_runner.js:1777:23)\n    at Promise._settlePromiseFromHandler (https://demoblaze.com/__cypress/runner/cypress_runner.js:1489:31)\n    at Promise._settlePromise (https://demoblaze.com/__cypress/runner/cypress_runner.js:1546:18)\n    at Promise._settlePromise0 (https://demoblaze.com/__cypress/runner/cypress_runner.js:1591:10)\n    at Promise._settlePromises (https://demoblaze.com/__cypress/runner/cypress_runner.js:1671:18)\n    at Promise._fulfill (https://demoblaze.com/__cypress/runner/cypress_runner.js:1615:18)\n    at <unknown> (https://demoblaze.com/__cypress/runner/cypress_runner.js:5420:46)\nFrom Your Spec Code:\n    at __webpack_modules__../cypress/support/HomePageAPI.ts.HomePageAPI._waitForEntriesRequest (webpack://newapp/./cypress/support/HomePageAPI.ts:17:11)\n    at __webpack_modules__../cypress/support/HomePageAPI.ts.HomePageAPI.getHomePageProducts (webpack://newapp/./cypress/support/HomePageAPI.ts:4:13)\n    at Context.eval (webpack://newapp/./cypress/tests/backup/specDemoBlazeBeforeTest.cy.ts:11:16)",
                "diff": null
              },
              "uuid": "fd573122-e3a6-4203-bb0b-5c1ce5fe7f0d",
              "parentUUID": "2d0c0b2f-a305-4444-9f49-ad39aa2a9fd4",
              "isHook": false,
              "skipped": false
            }
          ],
          "suites": [],
          "passes": [],
          "failures": [
            "fd573122-e3a6-4203-bb0b-5c1ce5fe7f0d"
          ],
          "pending": [],
          "skipped": [],
          "duration": 6735,
          "root": false,
          "rootEmpty": false,
          "_timeout": 2000
        }
      ],
      "passes": [],
      "failures": [],
      "pending": [],
      "skipped": [],
      "duration": 0,
      "root": true,
      "rootEmpty": true,
      "_timeout": 2000
    }
  ],
  "meta": {
    "mocha": {
      "version": "7.2.0"
    },
    "mochawesome": {
      "options": {
        "quiet": false,
        "reportFilename": "mochawesome",
        "saveHtml": false,
        "saveJson": true,
        "consoleReporter": "spec",
        "useInlineDiffs": false,
        "code": true
      },
      "version": "7.1.3"
    },
    "marge": {
      "options": {
        "reportDir": "results",
        "overwrite": false,
        "html": false,
        "json": true
      },
      "version": "6.2.0"
    }
  }
}