{
  "stats": {
    "suites": 1,
    "tests": 1,
    "passes": 1,
    "pending": 0,
    "failures": 0,
    "start": "2025-04-21T03:39:48.494Z",
    "end": "2025-04-21T03:39:54.867Z",
    "duration": 6373,
    "testsRegistered": 1,
    "passPercent": 100,
    "pendingPercent": 0,
    "other": 0,
    "hasOther": false,
    "skipped": 0,
    "hasSkipped": false
  },
  "results": [
    {
      "uuid": "6eb4ee60-fb18-4ae3-afbd-ac30c5f16723",
      "title": "",
      "fullFile": "cypress\\tests\\backup\\spec.cy.ts",
      "file": "cypress\\tests\\backup\\spec.cy.ts",
      "beforeHooks": [],
      "afterHooks": [],
      "tests": [],
      "suites": [
        {
          "uuid": "7407cd2a-8b16-4e9f-8187-a4a772aad3bc",
          "title": "template spec",
          "fullFile": "",
          "file": "",
          "beforeHooks": [],
          "afterHooks": [],
          "tests": [
            {
              "title": "passes",
              "fullTitle": "template spec passes",
              "timedOut": null,
              "duration": 3380,
              "state": "passed",
              "speed": "fast",
              "pass": true,
              "fail": false,
              "pending": false,
              "context": null,
              "code": "cy.visit(\"https://the-internet.herokuapp.com/login\");\n/* cy.get(\"#username\").type('tomsmith')\ncy.get(\"#password\").type('SuperSecretPassword!')\ncy.get(\"#login > button\").click()\ncy.wait(3000) */\nvar gg = cy.get(\"input\");\n/* gg.eq(0).type('qwewqe') */\ngg.then(function (items) {\n    cy.get(items[0]).clear();\n    cy.get(items[0]).type('qwdqdw');\n    cy.get(items[1]).type('qwdqdw');\n});",
              "err": {},
              "uuid": "8cfe2b5a-30b1-46ef-8644-6af0f251a796",
              "parentUUID": "7407cd2a-8b16-4e9f-8187-a4a772aad3bc",
              "isHook": false,
              "skipped": false
            }
          ],
          "suites": [],
          "passes": [
            "8cfe2b5a-30b1-46ef-8644-6af0f251a796"
          ],
          "failures": [],
          "pending": [],
          "skipped": [],
          "duration": 3380,
          "root": false,
          "rootEmpty": false,
          "_timeout": 2000
        }
      ],
      "passes": [],
      "failures": [],
      "pending": [],
      "skipped": [],
      "duration": 0,
      "root": true,
      "rootEmpty": true,
      "_timeout": 2000
    }
  ],
  "meta": {
    "mocha": {
      "version": "7.2.0"
    },
    "mochawesome": {
      "options": {
        "quiet": false,
        "reportFilename": "mochawesome",
        "saveHtml": false,
        "saveJson": true,
        "consoleReporter": "spec",
        "useInlineDiffs": false,
        "code": true
      },
      "version": "7.1.3"
    },
    "marge": {
      "options": {
        "reportDir": "results",
        "overwrite": false,
        "html": false,
        "json": true
      },
      "version": "6.2.0"
    }
  }
}