{
  "stats": {
    "suites": 1,
    "tests": 2,
    "passes": 0,
    "pending": 0,
    "failures": 2,
    "start": "2025-04-21T03:36:07.339Z",
    "end": "2025-04-21T03:36:39.741Z",
    "duration": 32402,
    "testsRegistered": 2,
    "passPercent": 0,
    "pendingPercent": 0,
    "other": 0,
    "hasOther": false,
    "skipped": 0,
    "hasSkipped": false
  },
  "results": [
    {
      "uuid": "0d710500-7ed0-44c2-9b2e-8e029f1ef5d8",
      "title": "",
      "fullFile": "cypress\\tests\\order\\OrderlTest.ts",
      "file": "cypress\\tests\\order\\OrderlTest.ts",
      "beforeHooks": [],
      "afterHooks": [],
      "tests": [],
      "suites": [
        {
          "uuid": "220c311f-8a4f-4ecb-8e8a-ac4e544111b1",
          "title": "order detail test ",
          "fullFile": "",
          "file": "",
          "beforeHooks": [],
          "afterHooks": [],
          "tests": [
            {
              "title": "test order detail",
              "fullTitle": "order detail test  test order detail",
              "timedOut": null,
              "duration": 22796,
              "state": "failed",
              "speed": null,
              "pass": false,
              "fail": true,
              "pending": false,
              "context": null,
              "code": "purchaseItem();",
              "err": {
                "message": "TypeError: Cannot read properties of undefined (reading 'body')",
                "estack": "TypeError: Cannot read properties of undefined (reading 'body')\n    at Context.eval (webpack://newapp/./cypress/support/HomePageAPI.ts:6:36)\n    at getRet (https://demoblaze.com/__cypress/runner/cypress_runner.js:119652:20)\n    at tryCatcher (https://demoblaze.com/__cypress/runner/cypress_runner.js:1777:23)\n    at Promise.attempt.Promise.try (https://demoblaze.com/__cypress/runner/cypress_runner.js:4285:29)\n    at Context.thenFn (https://demoblaze.com/__cypress/runner/cypress_runner.js:119663:66)\n    at Context.then (https://demoblaze.com/__cypress/runner/cypress_runner.js:119914:21)\n    at wrapped (https://demoblaze.com/__cypress/runner/cypress_runner.js:140191:19)\n    at <unknown> (https://demoblaze.com/__cypress/runner/cypress_runner.js:146136:15)\n    at tryCatcher (https://demoblaze.com/__cypress/runner/cypress_runner.js:1777:23)",
                "diff": null
              },
              "uuid": "bc43b08a-1f95-4053-a06a-4e4ffd10a248",
              "parentUUID": "220c311f-8a4f-4ecb-8e8a-ac4e544111b1",
              "isHook": false,
              "skipped": false
            },
            {
              "title": "test login after that  order ",
              "fullTitle": "order detail test  test login after that  order ",
              "timedOut": null,
              "duration": 9535,
              "state": "failed",
              "speed": null,
              "pass": false,
              "fail": true,
              "pending": false,
              "context": null,
              "code": "var username = LOGIN_CREDS.username, password = LOGIN_CREDS.password;\nlogin(username, password);\npurchaseItem();",
              "err": {
                "message": "CypressError: Timed out retrying after 5000ms: `cy.wait()` timed out waiting `5000ms` for the 1st request to the route: `entries`. No request ever occurred.\n\nhttps://on.cypress.io/wait",
                "estack": "CypressError: Timed out retrying after 5000ms: `cy.wait()` timed out waiting `5000ms` for the 1st request to the route: `entries`. No request ever occurred.\n\nhttps://on.cypress.io/wait\n    at cypressErr (https://demoblaze.com/__cypress/runner/cypress_runner.js:76205:18)\n    at Object.errByPath (https://demoblaze.com/__cypress/runner/cypress_runner.js:76259:10)\n    at checkForXhr (https://demoblaze.com/__cypress/runner/cypress_runner.js:137482:84)\n    at <unknown> (https://demoblaze.com/__cypress/runner/cypress_runner.js:137508:28)\n    at tryCatcher (https://demoblaze.com/__cypress/runner/cypress_runner.js:1777:23)\n    at Promise.attempt.Promise.try (https://demoblaze.com/__cypress/runner/cypress_runner.js:4285:29)\n    at whenStable (https://demoblaze.com/__cypress/runner/cypress_runner.js:145864:68)\n    at <unknown> (https://demoblaze.com/__cypress/runner/cypress_runner.js:145805:14)\n    at tryCatcher (https://demoblaze.com/__cypress/runner/cypress_runner.js:1777:23)\n    at Promise._settlePromiseFromHandler (https://demoblaze.com/__cypress/runner/cypress_runner.js:1489:31)\n    at Promise._settlePromise (https://demoblaze.com/__cypress/runner/cypress_runner.js:1546:18)\n    at Promise._settlePromise0 (https://demoblaze.com/__cypress/runner/cypress_runner.js:1591:10)\n    at Promise._settlePromises (https://demoblaze.com/__cypress/runner/cypress_runner.js:1671:18)\n    at Promise._fulfill (https://demoblaze.com/__cypress/runner/cypress_runner.js:1615:18)\n    at <unknown> (https://demoblaze.com/__cypress/runner/cypress_runner.js:5420:46)",
                "diff": null
              },
              "uuid": "548ae891-5c05-499f-abbc-7856bcb38537",
              "parentUUID": "220c311f-8a4f-4ecb-8e8a-ac4e544111b1",
              "isHook": false,
              "skipped": false
            }
          ],
          "suites": [],
          "passes": [],
          "failures": [
            "bc43b08a-1f95-4053-a06a-4e4ffd10a248",
            "548ae891-5c05-499f-abbc-7856bcb38537"
          ],
          "pending": [],
          "skipped": [],
          "duration": 32331,
          "root": false,
          "rootEmpty": false,
          "_timeout": 2000
        }
      ],
      "passes": [],
      "failures": [],
      "pending": [],
      "skipped": [],
      "duration": 0,
      "root": true,
      "rootEmpty": true,
      "_timeout": 2000
    }
  ],
  "meta": {
    "mocha": {
      "version": "7.2.0"
    },
    "mochawesome": {
      "options": {
        "quiet": false,
        "reportFilename": "mochawesome",
        "saveHtml": false,
        "saveJson": true,
        "consoleReporter": "spec",
        "useInlineDiffs": false,
        "code": true
      },
      "version": "7.1.3"
    },
    "marge": {
      "options": {
        "reportDir": "results",
        "overwrite": false,
        "html": false,
        "json": true
      },
      "version": "6.2.0"
    }
  }
}