{
  "stats": {
    "suites": 1,
    "tests": 1,
    "passes": 1,
    "pending": 0,
    "failures": 0,
    "start": "2025-04-21T06:35:45.390Z",
    "end": "2025-04-21T06:35:48.157Z",
    "duration": 2767,
    "testsRegistered": 1,
    "passPercent": 100,
    "pendingPercent": 0,
    "other": 0,
    "hasOther": false,
    "skipped": 0,
    "hasSkipped": false
  },
  "results": [
    {
      "uuid": "2a547f90-06b3-47b6-a660-edd3883100ca",
      "title": "",
      "fullFile": "cypress\\tests\\backup\\specDemoBlaze.cy.ts",
      "file": "cypress\\tests\\backup\\specDemoBlaze.cy.ts",
      "beforeHooks": [],
      "afterHooks": [],
      "tests": [],
      "suites": [
        {
          "uuid": "4a9b439b-b338-4251-a021-bcef018b868a",
          "title": "Blaze homepage",
          "fullFile": "",
          "file": "",
          "beforeHooks": [],
          "afterHooks": [],
          "tests": [
            {
              "title": "balze test card intercept",
              "fullTitle": "Blaze homepage balze test card intercept",
              "timedOut": null,
              "duration": 2641,
              "state": "passed",
              "speed": "fast",
              "pass": true,
              "fail": false,
              "pending": false,
              "context": null,
              "code": "cy.visit(\"https://demoblaze.com/index.html\");\ncy.intercept(\"/entries\").as('entries');\ncy.wait('@entries');\ncy.get('@entries').then(function (entries) {\n    var apiItem = entries.response.body.Items;\n    apiItem = apiItem.map(function (item) {\n        return {\n            itemName: item.title.replace('\\n', ''),\n            itemPrice: \"$\".concat(item.price)\n        };\n    });\n    cy.log(JSON.stringify(apiItem));\n    new DemoBlazePage_1.default().getAllCardData().then(function (allCardData) {\n        cy.wrap(\"\").then(function () {\n            expect(allCardData).to.have.deep.eq(apiItem);\n            /* cy.log(JSON.stringify(ProductData)) */\n        });\n    });\n});",
              "err": {},
              "uuid": "bc1d8dbd-06ec-4405-ba16-33991829f31e",
              "parentUUID": "4a9b439b-b338-4251-a021-bcef018b868a",
              "isHook": false,
              "skipped": false
            }
          ],
          "suites": [],
          "passes": [
            "bc1d8dbd-06ec-4405-ba16-33991829f31e"
          ],
          "failures": [],
          "pending": [],
          "skipped": [],
          "duration": 2641,
          "root": false,
          "rootEmpty": false,
          "_timeout": 2000
        }
      ],
      "passes": [],
      "failures": [],
      "pending": [],
      "skipped": [],
      "duration": 0,
      "root": true,
      "rootEmpty": true,
      "_timeout": 2000
    }
  ],
  "meta": {
    "mocha": {
      "version": "7.2.0"
    },
    "mochawesome": {
      "options": {
        "quiet": false,
        "reportFilename": "mochawesome",
        "saveHtml": false,
        "saveJson": true,
        "consoleReporter": "spec",
        "useInlineDiffs": false,
        "code": true
      },
      "version": "7.1.3"
    },
    "marge": {
      "options": {
        "reportDir": "results",
        "overwrite": false,
        "html": false,
        "json": true
      },
      "version": "6.2.0"
    }
  }
}