{
  "stats": {
    "suites": 1,
    "tests": 1,
    "passes": 0,
    "pending": 0,
    "failures": 1,
    "start": "2025-04-21T06:36:09.779Z",
    "end": "2025-04-21T06:36:24.404Z",
    "duration": 14625,
    "testsRegistered": 1,
    "passPercent": 0,
    "pendingPercent": 0,
    "other": 0,
    "hasOther": false,
    "skipped": 0,
    "hasSkipped": false
  },
  "results": [
    {
      "uuid": "7445cf81-0e5d-4152-b70c-f5c3e16d5634",
      "title": "",
      "fullFile": "cypress\\tests\\backup\\specselect.cy.ts",
      "file": "cypress\\tests\\backup\\specselect.cy.ts",
      "beforeHooks": [],
      "afterHooks": [],
      "tests": [],
      "suites": [
        {
          "uuid": "98ae2500-9697-4a9c-9949-c260e68cabf0",
          "title": "template select",
          "fullFile": "",
          "file": "",
          "beforeHooks": [],
          "afterHooks": [],
          "tests": [
            {
              "title": "passes",
              "fullTitle": "template select passes",
              "timedOut": null,
              "duration": 12516,
              "state": "failed",
              "speed": null,
              "pass": false,
              "fail": true,
              "pending": false,
              "context": null,
              "code": "cy.visit(\"https://the-internet.herokuapp.com/dropdown\");\ncy.get(haveselect).select(1);\ncy.get(haveselect).select(\"Option 2\");\ncy.get(\"select option:selected\").should(\"eq\", \"Option 2\");",
              "err": {
                "message": "AssertionError: Timed out retrying after 10000ms: expected '<option>' to equal 'Option 2'",
                "estack": "AssertionError: Timed out retrying after 10000ms: expected '<option>' to equal 'Option 2'\n    at Context.eval (webpack://newapp/./cypress/tests/backup/specselect.cy.ts:8:37)",
                "diff": null
              },
              "uuid": "27667fab-9c3e-4f42-8542-8b1b9b1bd8e1",
              "parentUUID": "98ae2500-9697-4a9c-9949-c260e68cabf0",
              "isHook": false,
              "skipped": false
            }
          ],
          "suites": [],
          "passes": [],
          "failures": [
            "27667fab-9c3e-4f42-8542-8b1b9b1bd8e1"
          ],
          "pending": [],
          "skipped": [],
          "duration": 12516,
          "root": false,
          "rootEmpty": false,
          "_timeout": 2000
        }
      ],
      "passes": [],
      "failures": [],
      "pending": [],
      "skipped": [],
      "duration": 0,
      "root": true,
      "rootEmpty": true,
      "_timeout": 2000
    }
  ],
  "meta": {
    "mocha": {
      "version": "7.2.0"
    },
    "mochawesome": {
      "options": {
        "quiet": false,
        "reportFilename": "mochawesome",
        "saveHtml": false,
        "saveJson": true,
        "consoleReporter": "spec",
        "useInlineDiffs": false,
        "code": true
      },
      "version": "7.1.3"
    },
    "marge": {
      "options": {
        "reportDir": "results",
        "overwrite": false,
        "html": false,
        "json": true
      },
      "version": "6.2.0"
    }
  }
}