{
  "stats": {
    "suites": 1,
    "tests": 1,
    "passes": 1,
    "pending": 0,
    "failures": 0,
    "start": "2025-04-21T03:39:44.013Z",
    "end": "2025-04-21T03:39:46.667Z",
    "duration": 2654,
    "testsRegistered": 1,
    "passPercent": 100,
    "pendingPercent": 0,
    "other": 0,
    "hasOther": false,
    "skipped": 0,
    "hasSkipped": false
  },
  "results": [
    {
      "uuid": "619fc2fe-9846-43ae-9249-5a194cd77ce0",
      "title": "",
      "fullFile": "cypress\\tests\\backup\\LoginTest.cy.ts",
      "file": "cypress\\tests\\backup\\LoginTest.cy.ts",
      "beforeHooks": [],
      "afterHooks": [],
      "tests": [],
      "suites": [
        {
          "uuid": "b29c42b4-8bcb-444e-bf43-f31262f24051",
          "title": " homepage test login",
          "fullFile": "",
          "file": "",
          "beforeHooks": [],
          "afterHooks": [],
          "tests": [
            {
              "title": "login by cookie api ",
              "fullTitle": " homepage test login login by cookie api ",
              "timedOut": null,
              "duration": 2496,
              "state": "passed",
              "speed": "fast",
              "pass": true,
              "fail": false,
              "pending": false,
              "context": null,
              "code": "var apiItem = apiProduct.map(function (item) {\n    return {\n        itemName: item.title.replace(\"\\n\", \"\"),\n        itemPrice: \"$\".concat(item.price),\n    };\n});\nnew DemoBlazePage_1.default().getAllCardData().then(function (allCardData) {\n    cy.wrap(\"\").then(function () {\n        expect(allCardData).to.have.deep.eq(apiItem);\n    });\n});",
              "err": {},
              "uuid": "ce5fc6f8-0e42-4f50-9079-2cf9ce5406c2",
              "parentUUID": "b29c42b4-8bcb-444e-bf43-f31262f24051",
              "isHook": false,
              "skipped": false
            }
          ],
          "suites": [],
          "passes": [
            "ce5fc6f8-0e42-4f50-9079-2cf9ce5406c2"
          ],
          "failures": [],
          "pending": [],
          "skipped": [],
          "duration": 2496,
          "root": false,
          "rootEmpty": false,
          "_timeout": 2000
        }
      ],
      "passes": [],
      "failures": [],
      "pending": [],
      "skipped": [],
      "duration": 0,
      "root": true,
      "rootEmpty": true,
      "_timeout": 2000
    }
  ],
  "meta": {
    "mocha": {
      "version": "7.2.0"
    },
    "mochawesome": {
      "options": {
        "quiet": false,
        "reportFilename": "mochawesome",
        "saveHtml": false,
        "saveJson": true,
        "consoleReporter": "spec",
        "useInlineDiffs": false,
        "code": true
      },
      "version": "7.1.3"
    },
    "marge": {
      "options": {
        "reportDir": "results",
        "overwrite": false,
        "html": false,
        "json": true
      },
      "version": "6.2.0"
    }
  }
}