{
  "stats": {
    "suites": 1,
    "tests": 2,
    "passes": 2,
    "pending": 0,
    "failures": 0,
    "start": "2025-04-21T03:41:17.583Z",
    "end": "2025-04-21T03:41:19.918Z",
    "duration": 2335,
    "testsRegistered": 2,
    "passPercent": 100,
    "pendingPercent": 0,
    "other": 0,
    "hasOther": false,
    "skipped": 0,
    "hasSkipped": false
  },
  "results": [
    {
      "uuid": "72fd29cb-c320-48bd-9dda-b9d4ae7050a5",
      "title": "",
      "fullFile": "cypress\\tests\\signup\\SignUpTest.ts",
      "file": "cypress\\tests\\signup\\SignUpTest.ts",
      "beforeHooks": [],
      "afterHooks": [],
      "tests": [],
      "suites": [
        {
          "uuid": "817ddb0b-db70-44b6-87a3-97094ff98dd1",
          "title": "SignUp test ",
          "fullFile": "",
          "file": "",
          "beforeHooks": [],
          "afterHooks": [],
          "tests": [
            {
              "title": "test login credential",
              "fullTitle": "SignUp test  test login credential",
              "timedOut": null,
              "duration": 1589,
              "state": "passed",
              "speed": "fast",
              "pass": true,
              "fail": false,
              "pending": false,
              "context": null,
              "code": "var username = SignUp_CREDS.username, password = SignUp_CREDS.password;\nsignup(username, password);\ncy.on('window:alert', function (alert) {\n    expect(alert).to.contains(\"Sign up successful,\");\n});",
              "err": {},
              "uuid": "79622d99-d1d2-4e0c-be04-f79b9052453d",
              "parentUUID": "817ddb0b-db70-44b6-87a3-97094ff98dd1",
              "isHook": false,
              "skipped": false
            },
            {
              "title": "should be able to see userexist",
              "fullTitle": "SignUp test  should be able to see userexist",
              "timedOut": null,
              "duration": 664,
              "state": "passed",
              "speed": "fast",
              "pass": true,
              "fail": false,
              "pending": false,
              "context": null,
              "code": "var password = SignUp_CREDS.password;\nsignup(\"khoa25\", \"\".concat(password, \"_qwdqw\"));\ncy.on('window:alert', function (alert) {\n    expect(alert).to.contains(\"User exist\");\n});",
              "err": {},
              "uuid": "feaf4080-949a-4eb4-b424-135293bef34c",
              "parentUUID": "817ddb0b-db70-44b6-87a3-97094ff98dd1",
              "isHook": false,
              "skipped": false
            }
          ],
          "suites": [],
          "passes": [
            "79622d99-d1d2-4e0c-be04-f79b9052453d",
            "feaf4080-949a-4eb4-b424-135293bef34c"
          ],
          "failures": [],
          "pending": [],
          "skipped": [],
          "duration": 2253,
          "root": false,
          "rootEmpty": false,
          "_timeout": 2000
        }
      ],
      "passes": [],
      "failures": [],
      "pending": [],
      "skipped": [],
      "duration": 0,
      "root": true,
      "rootEmpty": true,
      "_timeout": 2000
    }
  ],
  "meta": {
    "mocha": {
      "version": "7.2.0"
    },
    "mochawesome": {
      "options": {
        "quiet": false,
        "reportFilename": "mochawesome",
        "saveHtml": false,
        "saveJson": true,
        "consoleReporter": "spec",
        "useInlineDiffs": false,
        "code": true
      },
      "version": "7.1.3"
    },
    "marge": {
      "options": {
        "reportDir": "results",
        "overwrite": false,
        "html": false,
        "json": true
      },
      "version": "6.2.0"
    }
  }
}