{
  "stats": {
    "suites": 1,
    "tests": 1,
    "passes": 1,
    "pending": 0,
    "failures": 0,
    "start": "2025-04-21T06:35:29.291Z",
    "end": "2025-04-21T06:35:43.332Z",
    "duration": 14041,
    "testsRegistered": 1,
    "passPercent": 100,
    "pendingPercent": 0,
    "other": 0,
    "hasOther": false,
    "skipped": 0,
    "hasSkipped": false
  },
  "results": [
    {
      "uuid": "db085fa5-f767-4ea7-890b-7fc5e10d990a",
      "title": "",
      "fullFile": "cypress\\tests\\backup\\specAmazonSearch.cy.ts",
      "file": "cypress\\tests\\backup\\specAmazonSearch.cy.ts",
      "beforeHooks": [],
      "afterHooks": [],
      "tests": [],
      "suites": [
        {
          "uuid": "71d6120a-d4b3-452e-b61e-392d1481e064",
          "title": "Amazon",
          "fullFile": "",
          "file": "",
          "beforeHooks": [],
          "afterHooks": [],
          "tests": [
            {
              "title": "should able to search",
              "fullTitle": "Amazon should able to search",
              "timedOut": null,
              "duration": 10926,
              "state": "passed",
              "speed": "slow",
              "pass": true,
              "fail": false,
              "pending": false,
              "context": null,
              "code": "cy.visit(\"https://www.amazon.com/\");\nvar SEARCH_TEXT = \"table\";\nvar AmHomePage = new AmazonHomePage_1.default();\nAmHomePage.searchTxtBxElem.type(SEARCH_TEXT);\nAmHomePage.searchBtnElem.click();\nvar AmazSearchResult = new AmazonSearchResult_1.default();\nAmazSearchResult.searchItemElemList.should(\"not.have.length\", 0);",
              "err": {},
              "uuid": "654d3163-5a9d-41c5-8291-1bcff385b6a9",
              "parentUUID": "71d6120a-d4b3-452e-b61e-392d1481e064",
              "isHook": false,
              "skipped": false
            }
          ],
          "suites": [],
          "passes": [
            "654d3163-5a9d-41c5-8291-1bcff385b6a9"
          ],
          "failures": [],
          "pending": [],
          "skipped": [],
          "duration": 10926,
          "root": false,
          "rootEmpty": false,
          "_timeout": 2000
        }
      ],
      "passes": [],
      "failures": [],
      "pending": [],
      "skipped": [],
      "duration": 0,
      "root": true,
      "rootEmpty": true,
      "_timeout": 2000
    }
  ],
  "meta": {
    "mocha": {
      "version": "7.2.0"
    },
    "mochawesome": {
      "options": {
        "quiet": false,
        "reportFilename": "mochawesome",
        "saveHtml": false,
        "saveJson": true,
        "consoleReporter": "spec",
        "useInlineDiffs": false,
        "code": true
      },
      "version": "7.1.3"
    },
    "marge": {
      "options": {
        "reportDir": "results",
        "overwrite": false,
        "html": false,
        "json": true
      },
      "version": "6.2.0"
    }
  }
}