{
  "stats": {
    "suites": 1,
    "tests": 1,
    "passes": 1,
    "pending": 0,
    "failures": 0,
    "start": "2025-04-21T06:36:00.076Z",
    "end": "2025-04-21T06:36:03.268Z",
    "duration": 3192,
    "testsRegistered": 1,
    "passPercent": 100,
    "pendingPercent": 0,
    "other": 0,
    "hasOther": false,
    "skipped": 0,
    "hasSkipped": false
  },
  "results": [
    {
      "uuid": "ac281504-5abd-47c8-83ac-ea13dd96ecf8",
      "title": "",
      "fullFile": "cypress\\tests\\backup\\specSRHomePageTest.cy.ts",
      "file": "cypress\\tests\\backup\\specSRHomePageTest.cy.ts",
      "beforeHooks": [],
      "afterHooks": [],
      "tests": [],
      "suites": [
        {
          "uuid": "b430fe5c-0585-4958-8196-8ef983cc0a03",
          "title": "SR homepage",
          "fullFile": "",
          "file": "",
          "beforeHooks": [],
          "afterHooks": [],
          "tests": [
            {
              "title": "within method",
              "fullTitle": "SR homepage within method",
              "timedOut": null,
              "duration": 799,
              "state": "passed",
              "speed": "fast",
              "pass": true,
              "fail": false,
              "pending": false,
              "context": null,
              "code": "cy.visit(\"https://www.simplyrecipes.com/\");\nnew SRHomePage_1.SRHomePage().getHeroComTitle().then(function (title) {\n    cy.wrap(\"\").then(function () {\n        expect(title).to.be.eq('My Dutch Baby Recipe Is Totally Foolproof—I Make It Every Weekend');\n    });\n});",
              "err": {},
              "uuid": "83981a78-0b2a-4de9-a15d-6fdbd452a776",
              "parentUUID": "b430fe5c-0585-4958-8196-8ef983cc0a03",
              "isHook": false,
              "skipped": false
            }
          ],
          "suites": [],
          "passes": [
            "83981a78-0b2a-4de9-a15d-6fdbd452a776"
          ],
          "failures": [],
          "pending": [],
          "skipped": [],
          "duration": 799,
          "root": false,
          "rootEmpty": false,
          "_timeout": 2000
        }
      ],
      "passes": [],
      "failures": [],
      "pending": [],
      "skipped": [],
      "duration": 0,
      "root": true,
      "rootEmpty": true,
      "_timeout": 2000
    }
  ],
  "meta": {
    "mocha": {
      "version": "7.2.0"
    },
    "mochawesome": {
      "options": {
        "quiet": false,
        "reportFilename": "mochawesome",
        "saveHtml": false,
        "saveJson": true,
        "consoleReporter": "spec",
        "useInlineDiffs": false,
        "code": true
      },
      "version": "7.1.3"
    },
    "marge": {
      "options": {
        "reportDir": "results",
        "overwrite": false,
        "html": false,
        "json": true
      },
      "version": "6.2.0"
    }
  }
}